[2.304s] Invoking command in '/home/naveen/bat_robot/build/batrobot_alexa': AMENT_PREFIX_PATH=/home/naveen/bat_robot/install/batrobot_moveit:/home/naveen/bat_robot/install/batrobot_controller:/home/naveen/bat_robot/install/batrobot_msgs:/home/naveen/bat_robot/install/batrobot_description:${AMENT_PREFIX_PATH} CMAKE_PREFIX_PATH=/home/naveen/bat_robot/install/batrobot_moveit:/home/naveen/bat_robot/install/batrobot_controller:/home/naveen/bat_robot/install/batrobot_msgs:/home/naveen/bat_robot/install/batrobot_description:/home/naveen/roarm_ws_em0/install/ros2web_interfaces:/home/naveen/roarm_ws_em0/install/roarm_msgs:/home/naveen/roarm_ws_em0/install/roarm_moveit_ikfast_plugins:/home/naveen/roarm_ws_em0/install/roarm_moveit_cmd:/home/naveen/roarm_ws_em0/install/roarm_moveit:/home/naveen/roarm_ws_em0/install/roarm_description:/home/naveen/roarm_ws_em0/install/moveit_servo:/home/naveen/roarm_ws_em0/install/alexa_integration:/home/naveen/roarm_ws_em0/install/ros2web_widgets:/home/naveen/roarm_ws_em0/install/ros2web_example_py:/home/naveen/roarm_ws_em0/install/roarm_web_app:/home/naveen/roarm_ws_em0/install/ros2web_app:/home/naveen/roarm_ws_em0/install/ros2web:/home/naveen/roarm_ws_em0/install/roarm_driver:/home/naveen/roarm_ws_em0/install/launch_api:/opt/ros/humble LD_LIBRARY_PATH=/home/naveen/bat_robot/install/batrobot_controller/lib:/home/naveen/bat_robot/install/batrobot_msgs/lib:${LD_LIBRARY_PATH} PYTHONPATH=/home/naveen/bat_robot/install/batrobot_controller/lib/python3.10/site-packages:/home/naveen/bat_robot/install/batrobot_msgs/local/lib/python3.10/dist-packages:${PYTHONPATH} /usr/bin/cmake --build /home/naveen/bat_robot/build/batrobot_alexa -- -j2 -l2
[2.925s] [35m[1mConsolidate compiler generated dependencies of target task_server[0m
[3.210s] [ 25%] [32mBuilding CXX object CMakeFiles/task_server.dir/src/task_server.cpp.o[0m
[36.906s] [01m[K/home/naveen/bat_robot/src/batrobot_alexa/src/task_server.cpp:28:25:[m[K [01;31m[Kerror: [m[Kâ€˜[01m[Kbatrobot[m[Kâ€™ was not declared in this scope
[36.906s]    28 |   rclcpp_action::Server<[01;31m[Kbatrobot[m[K::action::BatrobotTask>::SharedPtr action_server_;
[36.906s]       |                         [01;31m[K^~~~~~~~[m[K
[36.908s] [01m[K/home/naveen/bat_robot/src/batrobot_alexa/src/task_server.cpp:28:55:[m[K [01;31m[Kerror: [m[Ktemplate argument 1 is invalid
[36.908s]    28 |   rclcpp_action::Server<batrobot::action::BatrobotTask[01;31m[K>[m[K::SharedPtr action_server_;
[36.908s]       |                                                       [01;31m[K^[m[K
[36.915s] [01m[K/home/naveen/bat_robot/src/batrobot_alexa/src/task_server.cpp:28:58:[m[K [01;31m[Kerror: [m[Kexpected â€˜[01m[K;[m[Kâ€™ at end of member declaration
[36.915s]    28 |   rclcpp_action::Server<batrobot::action::BatrobotTask>::[01;31m[KSharedPtr[m[K action_server_;
[36.915s]       |                                                          [01;31m[K^~~~~~~~~[m[K
[36.916s]       |                                                                   [32m[K;[m[K
[36.935s] [01m[K/home/naveen/bat_robot/src/batrobot_alexa/src/task_server.cpp:28:68:[m[K [01;31m[Kerror: [m[Kâ€˜[01m[Kaction_server_[m[Kâ€™ does not name a type; did you mean â€˜[01m[Krcl_action_server_t[m[Kâ€™?
[36.935s]    28 |   rclcpp_action::Server<batrobot::action::BatrobotTask>::SharedPtr [01;31m[Kaction_server_[m[K;
[36.936s]       |                                                                    [01;31m[K^~~~~~~~~~~~~~[m[K
[36.936s]       |                                                                    [32m[Krcl_action_server_t[m[K
[36.960s] [01m[K/home/naveen/bat_robot/src/batrobot_alexa/src/task_server.cpp:34:37:[m[K [01;31m[Kerror: [m[KISO C++ forbids declaration of â€˜[01m[Ktype name[m[Kâ€™ with no type [[01;31m[K]8;;https://gcc.gnu.org/onlinedocs/gcc/Warning-Options.html#index-fpermissive-fpermissive]8;;[m[K]
[36.960s]    34 |       std::shared_ptr<const batrobot[01;31m[K::[m[Kaction::BatrobotTask::Goal> goal)
[36.960s]       |                                     [01;31m[K^~[m[K
[36.961s] [01m[K/home/naveen/bat_robot/src/batrobot_alexa/src/task_server.cpp:34:65:[m[K [01;31m[Kerror: [m[Ktemplate argument 1 is invalid
[36.961s]    34 |       std::shared_ptr<const batrobot::action::BatrobotTask::Goal[01;31m[K>[m[K goal)
[36.961s]       |                                                                 [01;31m[K^[m[K
[36.961s] [01m[K/home/naveen/bat_robot/src/batrobot_alexa/src/task_server.cpp:34:37:[m[K [01;31m[Kerror: [m[KISO C++ forbids declaration of â€˜[01m[Ktype name[m[Kâ€™ with no type [[01;31m[K]8;;https://gcc.gnu.org/onlinedocs/gcc/Warning-Options.html#index-fpermissive-fpermissive]8;;[m[K]
[36.967s]    34 |       std::shared_ptr<const batrobot[01;31m[K::[m[Kaction::BatrobotTask::Goal> goal)
[36.968s]       |                                     [01;31m[K^~[m[K
[36.968s] [01m[K/home/naveen/bat_robot/src/batrobot_alexa/src/task_server.cpp:34:65:[m[K [01;31m[Kerror: [m[Ktemplate argument 1 is invalid
[36.968s]    34 |       std::shared_ptr<const batrobot::action::BatrobotTask::Goal[01;31m[K>[m[K goal)
[36.968s]       |                                                                 [01;31m[K^[m[K
[36.969s] [01m[K/home/naveen/bat_robot/src/batrobot_alexa/src/task_server.cpp:34:37:[m[K [01;31m[Kerror: [m[KISO C++ forbids declaration of â€˜[01m[Ktype name[m[Kâ€™ with no type [[01;31m[K]8;;https://gcc.gnu.org/onlinedocs/gcc/Warning-Options.html#index-fpermissive-fpermissive]8;;[m[K]
[36.973s]    34 |       std::shared_ptr<const batrobot[01;31m[K::[m[Kaction::BatrobotTask::Goal> goal)
[36.978s]       |                                     [01;31m[K^~[m[K
[36.978s] [01m[K/home/naveen/bat_robot/src/batrobot_alexa/src/task_server.cpp:34:65:[m[K [01;31m[Kerror: [m[Ktemplate argument 1 is invalid
[36.978s]    34 |       std::shared_ptr<const batrobot::action::BatrobotTask::Goal[01;31m[K>[m[K goal)
[36.980s]       |                                                                 [01;31m[K^[m[K
[36.981s] [01m[K/home/naveen/bat_robot/src/batrobot_alexa/src/task_server.cpp:34:7:[m[K [01;31m[Kerror: [m[Kinvalid template-id
[36.991s]    34 |       [01;31m[Kstd[m[K::shared_ptr<const batrobot::action::BatrobotTask::Goal> goal)
[36.991s]       |       [01;31m[K^~~[m[K
[36.991s] [01m[K/home/naveen/bat_robot/src/batrobot_alexa/src/task_server.cpp:34:37:[m[K [01;31m[Kerror: [m[KISO C++ forbids declaration of â€˜[01m[Ktype name[m[Kâ€™ with no type [[01;31m[K]8;;https://gcc.gnu.org/onlinedocs/gcc/Warning-Options.html#index-fpermissive-fpermissive]8;;[m[K]
[36.992s]    34 |       std::shared_ptr<const batrobot[01;31m[K::[m[Kaction::BatrobotTask::Goal> goal)
[36.993s]       |                                     [01;31m[K^~[m[K
[36.993s] [01m[K/home/naveen/bat_robot/src/batrobot_alexa/src/task_server.cpp:34:23:[m[K [01;31m[Kerror: [m[Kexpected primary-expression before â€˜[01m[Kconst[m[Kâ€™
[36.993s]    34 |       std::shared_ptr<[01;31m[Kconst[m[K batrobot::action::BatrobotTask::Goal> goal)
[36.994s]       |                       [01;31m[K^~~~~[m[K
[36.994s] [01m[K/home/naveen/bat_robot/src/batrobot_alexa/src/task_server.cpp:34:23:[m[K [01;31m[Kerror: [m[Kexpected â€˜[01m[K>[m[Kâ€™ before â€˜[01m[Kconst[m[Kâ€™
[36.994s] [01m[K/home/naveen/bat_robot/src/batrobot_alexa/src/task_server.cpp:34:7:[m[K [01;31m[Kerror: [m[Kclass template placeholder â€˜[01m[Kstd::shared_ptr[m[Kâ€™ not permitted in this context
[36.994s]    34 |       [01;31m[Kstd[m[K::shared_ptr<const batrobot::action::BatrobotTask::Goal> goal)
[37.000s]       |       [01;31m[K^~~[m[K
[37.021s] [01m[K/home/naveen/bat_robot/src/batrobot_alexa/src/task_server.cpp:42:61:[m[K [01;31m[Kerror: [m[Kâ€˜[01m[Kbatrobot[m[Kâ€™ was not declared in this scope
[37.021s]    42 |       const std::shared_ptr<rclcpp_action::ServerGoalHandle<[01;31m[Kbatrobot[m[K::action::BatrobotTask>> goal_handle)
[37.021s]       |                                                             [01;31m[K^~~~~~~~[m[K
[37.022s] [01m[K/home/naveen/bat_robot/src/batrobot_alexa/src/task_server.cpp:42:91:[m[K [01;31m[Kerror: [m[Ktemplate argument 1 is invalid
[37.022s]    42 |       const std::shared_ptr<rclcpp_action::ServerGoalHandle<batrobot::action::BatrobotTask[01;31m[K>>[m[K goal_handle)
[37.022s]       |                                                                                           [01;31m[K^~[m[K
[37.081s] [01m[K/home/naveen/bat_robot/src/batrobot_alexa/src/task_server.cpp:42:61:[m[K [01;31m[Kerror: [m[Kâ€˜[01m[Kbatrobot[m[Kâ€™ was not declared in this scope
[37.081s]    42 |       const std::shared_ptr<rclcpp_action::ServerGoalHandle<[01;31m[Kbatrobot[m[K::action::BatrobotTask>> goal_handle)
[37.082s]       |                                                             [01;31m[K^~~~~~~~[m[K
[37.087s] [01m[K/home/naveen/bat_robot/src/batrobot_alexa/src/task_server.cpp:42:91:[m[K [01;31m[Kerror: [m[Ktemplate argument 1 is invalid
[37.087s]    42 |       const std::shared_ptr<rclcpp_action::ServerGoalHandle<batrobot::action::BatrobotTask[01;31m[K>>[m[K goal_handle)
[37.087s]       |                                                                                           [01;31m[K^~[m[K
[37.132s] [01m[K/home/naveen/bat_robot/src/batrobot_alexa/src/task_server.cpp:42:61:[m[K [01;31m[Kerror: [m[Kâ€˜[01m[Kbatrobot[m[Kâ€™ was not declared in this scope
[37.132s]    42 |       const std::shared_ptr<rclcpp_action::ServerGoalHandle<[01;31m[Kbatrobot[m[K::action::BatrobotTask>> goal_handle)
[37.133s]       |                                                             [01;31m[K^~~~~~~~[m[K
[37.133s] [01m[K/home/naveen/bat_robot/src/batrobot_alexa/src/task_server.cpp:42:91:[m[K [01;31m[Kerror: [m[Ktemplate argument 1 is invalid
[37.133s]    42 |       const std::shared_ptr<rclcpp_action::ServerGoalHandle<batrobot::action::BatrobotTask[01;31m[K>>[m[K goal_handle)
[37.133s]       |                                                                                           [01;31m[K^~[m[K
[37.141s] [01m[K/home/naveen/bat_robot/src/batrobot_alexa/src/task_server.cpp:42:29:[m[K [01;31m[Kerror: [m[Kinvalid template-id
[37.141s]    42 |       const std::shared_ptr<[01;31m[Krclcpp_action[m[K::ServerGoalHandle<batrobot::action::BatrobotTask>> goal_handle)
[37.141s]       |                             [01;31m[K^~~~~~~~~~~~~[m[K
[37.185s] [01m[K/home/naveen/bat_robot/src/batrobot_alexa/src/task_server.cpp:42:61:[m[K [01;31m[Kerror: [m[Kâ€˜[01m[Kbatrobot[m[Kâ€™ was not declared in this scope
[37.188s]    42 |       const std::shared_ptr<rclcpp_action::ServerGoalHandle<[01;31m[Kbatrobot[m[K::action::BatrobotTask>> goal_handle)
[37.188s]       |                                                             [01;31m[K^~~~~~~~[m[K
[37.193s] [01m[K/home/naveen/bat_robot/src/batrobot_alexa/src/task_server.cpp:42:94:[m[K [01;31m[Kerror: [m[Ktemplate argument 1 is invalid
[37.193s]    42 |       const std::shared_ptr<rclcpp_action::ServerGoalHandle<batrobot::action::BatrobotTask>> [01;31m[Kgoal_handle[m[K)
[37.193s]       |                                                                                              [01;31m[K^~~~~~~~~~~[m[K
[37.194s] [01m[K/home/naveen/bat_robot/src/batrobot_alexa/src/task_server.cpp:42:94:[m[K [01;31m[Kerror: [m[Ktemplate argument 1 is invalid
[37.194s] [01m[K/home/naveen/bat_robot/src/batrobot_alexa/src/task_server.cpp:42:94:[m[K [01;31m[Kerror: [m[Ktemplate argument 1 is invalid
[37.194s] [01m[K/home/naveen/bat_robot/src/batrobot_alexa/src/task_server.cpp:42:13:[m[K [01;31m[Kerror: [m[Kinvalid template-id
[37.201s]    42 |       const [01;31m[Kstd[m[K::shared_ptr<rclcpp_action::ServerGoalHandle<batrobot::action::BatrobotTask>> goal_handle)
[37.201s]       |             [01;31m[K^~~[m[K
[37.201s] [01m[K/home/naveen/bat_robot/src/batrobot_alexa/src/task_server.cpp:42:94:[m[K [01;31m[Kerror: [m[Kmissing template arguments before â€˜[01m[Kgoal_handle[m[Kâ€™
[37.202s]    42 |       const std::shared_ptr<rclcpp_action::ServerGoalHandle<batrobot::action::BatrobotTask>> [01;31m[Kgoal_handle[m[K)
[37.202s]       |                                                                                              [01;31m[K^~~~~~~~~~~[m[K
[37.202s] [01m[K/home/naveen/bat_robot/src/batrobot_alexa/src/task_server.cpp:42:94:[m[K [01;31m[Kerror: [m[Kexpected â€˜[01m[K>[m[Kâ€™ before â€˜[01m[Kgoal_handle[m[Kâ€™
[37.202s] [01m[K/home/naveen/bat_robot/src/batrobot_alexa/src/task_server.cpp:42:7:[m[K [01;31m[Kerror: [m[Kclass template placeholder â€˜[01m[Kstd::shared_ptr[m[Kâ€™ not permitted in this context
[37.202s]    42 |       [01;31m[Kconst[m[K std::shared_ptr<rclcpp_action::ServerGoalHandle<batrobot::action::BatrobotTask>> goal_handle)
[37.209s]       |       [01;31m[K^~~~~[m[K
[37.234s] [01m[K/home/naveen/bat_robot/src/batrobot_alexa/src/task_server.cpp:56:61:[m[K [01;31m[Kerror: [m[Kâ€˜[01m[Kbatrobot[m[Kâ€™ was not declared in this scope
[37.234s]    56 |       const std::shared_ptr<rclcpp_action::ServerGoalHandle<[01;31m[Kbatrobot[m[K::action::BatrobotTask>> goal_handle)
[37.235s]       |                                                             [01;31m[K^~~~~~~~[m[K
[37.241s] [01m[K/home/naveen/bat_robot/src/batrobot_alexa/src/task_server.cpp:56:91:[m[K [01;31m[Kerror: [m[Ktemplate argument 1 is invalid
[37.241s]    56 |       const std::shared_ptr<rclcpp_action::ServerGoalHandle<batrobot::action::BatrobotTask[01;31m[K>>[m[K goal_handle)
[37.241s]       |                                                                                           [01;31m[K^~[m[K
[37.292s] [01m[K/home/naveen/bat_robot/src/batrobot_alexa/src/task_server.cpp:56:61:[m[K [01;31m[Kerror: [m[Kâ€˜[01m[Kbatrobot[m[Kâ€™ was not declared in this scope
[37.293s]    56 |       const std::shared_ptr<rclcpp_action::ServerGoalHandle<[01;31m[Kbatrobot[m[K::action::BatrobotTask>> goal_handle)
[37.293s]       |                                                             [01;31m[K^~~~~~~~[m[K
[37.293s] [01m[K/home/naveen/bat_robot/src/batrobot_alexa/src/task_server.cpp:56:91:[m[K [01;31m[Kerror: [m[Ktemplate argument 1 is invalid
[37.293s]    56 |       const std::shared_ptr<rclcpp_action::ServerGoalHandle<batrobot::action::BatrobotTask[01;31m[K>>[m[K goal_handle)
[37.294s]       |                                                                                           [01;31m[K^~[m[K
[37.352s] [01m[K/home/naveen/bat_robot/src/batrobot_alexa/src/task_server.cpp:56:61:[m[K [01;31m[Kerror: [m[Kâ€˜[01m[Kbatrobot[m[Kâ€™ was not declared in this scope
[37.352s]    56 |       const std::shared_ptr<rclcpp_action::ServerGoalHandle<[01;31m[Kbatrobot[m[K::action::BatrobotTask>> goal_handle)
[37.352s]       |                                                             [01;31m[K^~~~~~~~[m[K
[37.353s] [01m[K/home/naveen/bat_robot/src/batrobot_alexa/src/task_server.cpp:56:91:[m[K [01;31m[Kerror: [m[Ktemplate argument 1 is invalid
[37.353s]    56 |       const std::shared_ptr<rclcpp_action::ServerGoalHandle<batrobot::action::BatrobotTask[01;31m[K>>[m[K goal_handle)
[37.353s]       |                                                                                           [01;31m[K^~[m[K
[37.353s] [01m[K/home/naveen/bat_robot/src/batrobot_alexa/src/task_server.cpp:56:29:[m[K [01;31m[Kerror: [m[Kinvalid template-id
[37.361s]    56 |       const std::shared_ptr<[01;31m[Krclcpp_action[m[K::ServerGoalHandle<batrobot::action::BatrobotTask>> goal_handle)
[37.362s]       |                             [01;31m[K^~~~~~~~~~~~~[m[K
[37.398s] [01m[K/home/naveen/bat_robot/src/batrobot_alexa/src/task_server.cpp:56:61:[m[K [01;31m[Kerror: [m[Kâ€˜[01m[Kbatrobot[m[Kâ€™ was not declared in this scope
[37.399s]    56 |       const std::shared_ptr<rclcpp_action::ServerGoalHandle<[01;31m[Kbatrobot[m[K::action::BatrobotTask>> goal_handle)
[37.399s]       |                                                             [01;31m[K^~~~~~~~[m[K
[37.406s] [01m[K/home/naveen/bat_robot/src/batrobot_alexa/src/task_server.cpp:56:94:[m[K [01;31m[Kerror: [m[Ktemplate argument 1 is invalid
[37.407s]    56 |       const std::shared_ptr<rclcpp_action::ServerGoalHandle<batrobot::action::BatrobotTask>> [01;31m[Kgoal_handle[m[K)
[37.407s]       |                                                                                              [01;31m[K^~~~~~~~~~~[m[K
[37.407s] [01m[K/home/naveen/bat_robot/src/batrobot_alexa/src/task_server.cpp:56:94:[m[K [01;31m[Kerror: [m[Ktemplate argument 1 is invalid
[37.407s] [01m[K/home/naveen/bat_robot/src/batrobot_alexa/src/task_server.cpp:56:94:[m[K [01;31m[Kerror: [m[Ktemplate argument 1 is invalid
[37.408s] [01m[K/home/naveen/bat_robot/src/batrobot_alexa/src/task_server.cpp:56:13:[m[K [01;31m[Kerror: [m[Kinvalid template-id
[37.408s]    56 |       const [01;31m[Kstd[m[K::shared_ptr<rclcpp_action::ServerGoalHandle<batrobot::action::BatrobotTask>> goal_handle)
[37.408s]       |             [01;31m[K^~~[m[K
[37.408s] [01m[K/home/naveen/bat_robot/src/batrobot_alexa/src/task_server.cpp:56:94:[m[K [01;31m[Kerror: [m[Kmissing template arguments before â€˜[01m[Kgoal_handle[m[Kâ€™
[37.414s]    56 |       const std::shared_ptr<rclcpp_action::ServerGoalHandle<batrobot::action::BatrobotTask>> [01;31m[Kgoal_handle[m[K)
[37.414s]       |                                                                                              [01;31m[K^~~~~~~~~~~[m[K
[37.415s] [01m[K/home/naveen/bat_robot/src/batrobot_alexa/src/task_server.cpp:56:94:[m[K [01;31m[Kerror: [m[Kexpected â€˜[01m[K>[m[Kâ€™ before â€˜[01m[Kgoal_handle[m[Kâ€™
[37.418s] [01m[K/home/naveen/bat_robot/src/batrobot_alexa/src/task_server.cpp:56:7:[m[K [01;31m[Kerror: [m[Kclass template placeholder â€˜[01m[Kstd::shared_ptr[m[Kâ€™ not permitted in this context
[37.418s]    56 |       [01;31m[Kconst[m[K std::shared_ptr<rclcpp_action::ServerGoalHandle<batrobot::action::BatrobotTask>> goal_handle)
[37.418s]       |       [01;31m[K^~~~~[m[K
[37.459s] [01m[K/home/naveen/bat_robot/src/batrobot_alexa/src/task_server.cpp:62:70:[m[K [01;31m[Kerror: [m[Kâ€˜[01m[Kbatrobot[m[Kâ€™ was not declared in this scope
[37.459s]    62 |   void execute(const std::shared_ptr<rclcpp_action::ServerGoalHandle<[01;31m[Kbatrobot[m[K::action::BatrobotTask>> goal_handle)
[37.459s]       |                                                                      [01;31m[K^~~~~~~~[m[K
[37.460s] [01m[K/home/naveen/bat_robot/src/batrobot_alexa/src/task_server.cpp:62:100:[m[K [01;31m[Kerror: [m[Ktemplate argument 1 is invalid
[37.460s]    62 |   void execute(const std::shared_ptr<rclcpp_action::ServerGoalHandle<batrobot::action::BatrobotTask[01;31m[K>>[m[K goal_handle)
[37.460s]       |                                                                                                    [01;31m[K^~[m[K
[37.502s] [01m[K/home/naveen/bat_robot/src/batrobot_alexa/src/task_server.cpp:62:70:[m[K [01;31m[Kerror: [m[Kâ€˜[01m[Kbatrobot[m[Kâ€™ was not declared in this scope
[37.506s]    62 |   void execute(const std::shared_ptr<rclcpp_action::ServerGoalHandle<[01;31m[Kbatrobot[m[K::action::BatrobotTask>> goal_handle)
[37.506s]       |                                                                      [01;31m[K^~~~~~~~[m[K
[37.506s] [01m[K/home/naveen/bat_robot/src/batrobot_alexa/src/task_server.cpp:62:100:[m[K [01;31m[Kerror: [m[Ktemplate argument 1 is invalid
[37.509s]    62 |   void execute(const std::shared_ptr<rclcpp_action::ServerGoalHandle<batrobot::action::BatrobotTask[01;31m[K>>[m[K goal_handle)
[37.510s]       |                                                                                                    [01;31m[K^~[m[K
[37.553s] [01m[K/home/naveen/bat_robot/src/batrobot_alexa/src/task_server.cpp:62:70:[m[K [01;31m[Kerror: [m[Kâ€˜[01m[Kbatrobot[m[Kâ€™ was not declared in this scope
[37.553s]    62 |   void execute(const std::shared_ptr<rclcpp_action::ServerGoalHandle<[01;31m[Kbatrobot[m[K::action::BatrobotTask>> goal_handle)
[37.554s]       |                                                                      [01;31m[K^~~~~~~~[m[K
[37.554s] [01m[K/home/naveen/bat_robot/src/batrobot_alexa/src/task_server.cpp:62:100:[m[K [01;31m[Kerror: [m[Ktemplate argument 1 is invalid
[37.554s]    62 |   void execute(const std::shared_ptr<rclcpp_action::ServerGoalHandle<batrobot::action::BatrobotTask[01;31m[K>>[m[K goal_handle)
[37.554s]       |                                                                                                    [01;31m[K^~[m[K
[37.560s] [01m[K/home/naveen/bat_robot/src/batrobot_alexa/src/task_server.cpp:62:38:[m[K [01;31m[Kerror: [m[Kinvalid template-id
[37.565s]    62 |   void execute(const std::shared_ptr<[01;31m[Krclcpp_action[m[K::ServerGoalHandle<batrobot::action::BatrobotTask>> goal_handle)
[37.565s]       |                                      [01;31m[K^~~~~~~~~~~~~[m[K
[37.606s] [01m[K/home/naveen/bat_robot/src/batrobot_alexa/src/task_server.cpp:62:70:[m[K [01;31m[Kerror: [m[Kâ€˜[01m[Kbatrobot[m[Kâ€™ was not declared in this scope
[37.609s]    62 |   void execute(const std::shared_ptr<rclcpp_action::ServerGoalHandle<[01;31m[Kbatrobot[m[K::action::BatrobotTask>> goal_handle)
[37.609s]       |                                                                      [01;31m[K^~~~~~~~[m[K
[37.609s] [01m[K/home/naveen/bat_robot/src/batrobot_alexa/src/task_server.cpp:62:103:[m[K [01;31m[Kerror: [m[Ktemplate argument 1 is invalid
[37.610s]    62 |   void execute(const std::shared_ptr<rclcpp_action::ServerGoalHandle<batrobot::action::BatrobotTask>> [01;31m[Kgoal_handle[m[K)
[37.610s]       |                                                                                                       [01;31m[K^~~~~~~~~~~[m[K
[37.610s] [01m[K/home/naveen/bat_robot/src/batrobot_alexa/src/task_server.cpp:62:103:[m[K [01;31m[Kerror: [m[Ktemplate argument 1 is invalid
[37.619s] [01m[K/home/naveen/bat_robot/src/batrobot_alexa/src/task_server.cpp:62:103:[m[K [01;31m[Kerror: [m[Ktemplate argument 1 is invalid
[37.620s] [01m[K/home/naveen/bat_robot/src/batrobot_alexa/src/task_server.cpp:62:22:[m[K [01;31m[Kerror: [m[Kinvalid template-id
[37.620s]    62 |   void execute(const [01;31m[Kstd[m[K::shared_ptr<rclcpp_action::ServerGoalHandle<batrobot::action::BatrobotTask>> goal_handle)
[37.620s]       |                      [01;31m[K^~~[m[K
[37.621s] [01m[K/home/naveen/bat_robot/src/batrobot_alexa/src/task_server.cpp:62:103:[m[K [01;31m[Kerror: [m[Kmissing template arguments before â€˜[01m[Kgoal_handle[m[Kâ€™
[37.621s]    62 |   void execute(const std::shared_ptr<rclcpp_action::ServerGoalHandle<batrobot::action::BatrobotTask>> [01;31m[Kgoal_handle[m[K)
[37.621s]       |                                                                                                       [01;31m[K^~~~~~~~~~~[m[K
[37.621s] [01m[K/home/naveen/bat_robot/src/batrobot_alexa/src/task_server.cpp:62:103:[m[K [01;31m[Kerror: [m[Kexpected â€˜[01m[K>[m[Kâ€™ before â€˜[01m[Kgoal_handle[m[Kâ€™
[37.628s] [01m[K/home/naveen/bat_robot/src/batrobot_alexa/src/task_server.cpp:62:16:[m[K [01;31m[Kerror: [m[Kclass template placeholder â€˜[01m[Kstd::shared_ptr[m[Kâ€™ not permitted in this context
[37.629s]    62 |   void execute([01;31m[Kconst[m[K std::shared_ptr<rclcpp_action::ServerGoalHandle<batrobot::action::BatrobotTask>> goal_handle)
[37.629s]       |                [01;31m[K^~~~~[m[K
[37.692s] [01m[K/home/naveen/bat_robot/src/batrobot_alexa/src/task_server.cpp:[m[K In constructor â€˜[01m[Kbatrobot_alexa::TaskServer::TaskServer(const rclcpp::NodeOptions&)[m[Kâ€™:
[37.692s] [01m[K/home/naveen/bat_robot/src/batrobot_alexa/src/task_server.cpp:21:5:[m[K [01;31m[Kerror: [m[Kâ€˜[01m[Kaction_server_[m[Kâ€™ was not declared in this scope; did you mean â€˜[01m[Krcl_action_server_t[m[Kâ€™?
[37.692s]    21 |     [01;31m[Kaction_server_[m[K = rclcpp_action::create_server<batrobot::action::BatrobotTask>(
[37.693s]       |     [01;31m[K^~~~~~~~~~~~~~[m[K
[37.693s]       |     [32m[Krcl_action_server_t[m[K
[37.750s] [01m[K/home/naveen/bat_robot/src/batrobot_alexa/src/task_server.cpp:21:51:[m[K [01;31m[Kerror: [m[Kâ€˜[01m[Kbatrobot[m[Kâ€™ was not declared in this scope
[37.751s]    21 |     action_server_ = rclcpp_action::create_server<[01;31m[Kbatrobot[m[K::action::BatrobotTask>(
[37.751s]       |                                                   [01;31m[K^~~~~~~~[m[K
[37.757s] [01m[K/home/naveen/bat_robot/src/batrobot_alexa/src/task_server.cpp:21:37:[m[K [01;31m[Kerror: [m[Kparse error in template argument list
[37.757s]    21 |     action_server_ = rclcpp_action::[01;31m[Kcreate_server<batrobot::action::BatrobotTask>[m[K(
[37.758s]       |                                     [01;31m[K^~~~~~~~~~~~~~~~~~~~~~~~~~~~~~~~~~~~~~~~~~~~~[m[K
[37.840s] [01m[K/home/naveen/bat_robot/src/batrobot_alexa/src/task_server.cpp:21:82:[m[K [01;31m[Kerror: [m[Kno matching function for call to â€˜[01m[Kcreate_server<<expression error> >(batrobot_alexa::TaskServer*, const char [12], std::_Bind_helper<false, rclcpp_action::GoalResponse (batrobot_alexa::TaskServer::*)(...), batrobot_alexa::TaskServer*, const std::_Placeholder<1>&, const std::_Placeholder<2>&>::type, std::_Bind_helper<false, rclcpp_action::CancelResponse (batrobot_alexa::TaskServer::*)(...), batrobot_alexa::TaskServer*, const std::_Placeholder<1>&>::type, std::_Bind_helper<false, void (batrobot_alexa::TaskServer::*)(...), batrobot_alexa::TaskServer*, const std::_Placeholder<1>&>::type)[m[Kâ€™
[37.840s]    21 |     action_server_ = [01;31m[Krclcpp_action::create_server<batrobot::action::BatrobotTask>([m[K
[37.840s]       |                      [01;31m[K~~~~~~~~~~~~~~~~~~~~~~~~~~~~~~~~~~~~~~~~~~~~~~~~~~~~~~~~~~~~^[m[K
[37.845s]    22 | [01;31m[K        this, "task_server", std::bind(&TaskServer::goalCallback, this, _1, _2),[m[K
[37.845s]       |         [01;31m[K~~~~~~~~~~~~~~~~~~~~~~~~~~~~~~~~~~~~~~~~~~~~~~~~~~~~~~~~~~~~~~~~~~~~~~~~[m[K  
[37.850s]    23 | [01;31m[K        std::bind(&TaskServer::cancelCallback, this, _1),[m[K
[37.850s]       |         [01;31m[K~~~~~~~~~~~~~~~~~~~~~~~~~~~~~~~~~~~~~~~~~~~~~~~~~[m[K                         
[37.850s]    24 | [01;31m[K        std::bind(&TaskServer::acceptedCallback, this, _1))[m[K;
[37.851s]       |         [01;31m[K~~~~~~~~~~~~~~~~~~~~~~~~~~~~~~~~~~~~~~~~~~~~~~~~~~~[m[K                       
[37.851s] In file included from [01m[K/opt/ros/humble/include/rclcpp_action/rclcpp_action/rclcpp_action.hpp:39[m[K,
[37.851s]                  from [01m[K/home/naveen/bat_robot/src/batrobot_alexa/src/task_server.cpp:2[m[K:
[37.856s] [01m[K/opt/ros/humble/include/rclcpp_action/rclcpp_action/create_server.hpp:58:1:[m[K [01;36m[Knote: [m[Kcandidate: â€˜[01m[Ktemplate<class ActionT> typename rclcpp_action::Server<ActionT>::SharedPtr rclcpp_action::create_server(rclcpp::node_interfaces::NodeBaseInterface::SharedPtr, rclcpp::node_interfaces::NodeClockInterface::SharedPtr, rclcpp::node_interfaces::NodeLoggingInterface::SharedPtr, rclcpp::node_interfaces::NodeWaitablesInterface::SharedPtr, const string&, typename rclcpp_action::Server<ActionT>::GoalCallback, typename rclcpp_action::Server<ActionT>::CancelCallback, typename rclcpp_action::Server<ActionT>::AcceptedCallback, const rcl_action_server_options_t&, rclcpp::CallbackGroup::SharedPtr)[m[Kâ€™
[37.856s]    58 | [01;36m[Kcreate_server[m[K(
[37.856s]       | [01;36m[K^~~~~~~~~~~~~[m[K
[37.863s] [01m[K/opt/ros/humble/include/rclcpp_action/rclcpp_action/create_server.hpp:58:1:[m[K [01;36m[Knote: [m[K  template argument deduction/substitution failed:
[37.863s] [01m[K/home/naveen/bat_robot/src/batrobot_alexa/src/task_server.cpp:21:82:[m[K [01;31m[Kerror: [m[Ktemplate argument 1 is invalid
[37.863s]    21 |     action_server_ = [01;31m[Krclcpp_action::create_server<batrobot::action::BatrobotTask>([m[K
[37.865s]       |                      [01;31m[K~~~~~~~~~~~~~~~~~~~~~~~~~~~~~~~~~~~~~~~~~~~~~~~~~~~~~~~~~~~~^[m[K
[37.869s]    22 | [01;31m[K        this, "task_server", std::bind(&TaskServer::goalCallback, this, _1, _2),[m[K
[37.871s]       |         [01;31m[K~~~~~~~~~~~~~~~~~~~~~~~~~~~~~~~~~~~~~~~~~~~~~~~~~~~~~~~~~~~~~~~~~~~~~~~~[m[K  
[37.874s]    23 | [01;31m[K        std::bind(&TaskServer::cancelCallback, this, _1),[m[K
[37.874s]       |         [01;31m[K~~~~~~~~~~~~~~~~~~~~~~~~~~~~~~~~~~~~~~~~~~~~~~~~~[m[K                         
[37.874s]    24 | [01;31m[K        std::bind(&TaskServer::acceptedCallback, this, _1))[m[K;
[37.877s]       |         [01;31m[K~~~~~~~~~~~~~~~~~~~~~~~~~~~~~~~~~~~~~~~~~~~~~~~~~~~[m[K                       
[37.878s] In file included from [01m[K/opt/ros/humble/include/rclcpp_action/rclcpp_action/rclcpp_action.hpp:39[m[K,
[37.880s]                  from [01m[K/home/naveen/bat_robot/src/batrobot_alexa/src/task_server.cpp:2[m[K:
[37.880s] [01m[K/opt/ros/humble/include/rclcpp_action/rclcpp_action/create_server.hpp:132:1:[m[K [01;36m[Knote: [m[Kcandidate: â€˜[01m[Ktemplate<class ActionT, class NodeT> typename rclcpp_action::Server<ActionT>::SharedPtr rclcpp_action::create_server(NodeT, const string&, typename rclcpp_action::Server<ActionT>::GoalCallback, typename rclcpp_action::Server<ActionT>::CancelCallback, typename rclcpp_action::Server<ActionT>::AcceptedCallback, const rcl_action_server_options_t&, rclcpp::CallbackGroup::SharedPtr)[m[Kâ€™
[37.886s]   132 | [01;36m[Kcreate_server[m[K(
[37.887s]       | [01;36m[K^~~~~~~~~~~~~[m[K
[37.887s] [01m[K/opt/ros/humble/include/rclcpp_action/rclcpp_action/create_server.hpp:132:1:[m[K [01;36m[Knote: [m[K  template argument deduction/substitution failed:
[37.887s] [01m[K/home/naveen/bat_robot/src/batrobot_alexa/src/task_server.cpp:21:82:[m[K [01;31m[Kerror: [m[Ktemplate argument 1 is invalid
[37.888s]    21 |     action_server_ = [01;31m[Krclcpp_action::create_server<batrobot::action::BatrobotTask>([m[K
[37.888s]       |                      [01;31m[K~~~~~~~~~~~~~~~~~~~~~~~~~~~~~~~~~~~~~~~~~~~~~~~~~~~~~~~~~~~~^[m[K
[37.888s]    22 | [01;31m[K        this, "task_server", std::bind(&TaskServer::goalCallback, this, _1, _2),[m[K
[37.888s]       |         [01;31m[K~~~~~~~~~~~~~~~~~~~~~~~~~~~~~~~~~~~~~~~~~~~~~~~~~~~~~~~~~~~~~~~~~~~~~~~~[m[K  
[37.895s]    23 | [01;31m[K        std::bind(&TaskServer::cancelCallback, this, _1),[m[K
[37.896s]       |         [01;31m[K~~~~~~~~~~~~~~~~~~~~~~~~~~~~~~~~~~~~~~~~~~~~~~~~~[m[K                         
[37.896s]    24 | [01;31m[K        std::bind(&TaskServer::acceptedCallback, this, _1))[m[K;
[37.896s]       |         [01;31m[K~~~~~~~~~~~~~~~~~~~~~~~~~~~~~~~~~~~~~~~~~~~~~~~~~~~[m[K                       
[37.896s] In file included from [01m[K/opt/ros/humble/include/rclcpp/rclcpp/logging.hpp:24[m[K,
[37.896s]                  from [01m[K/opt/ros/humble/include/rclcpp/rclcpp/client.hpp:40[m[K,
[37.897s]                  from [01m[K/opt/ros/humble/include/rclcpp/rclcpp/callback_group.hpp:24[m[K,
[37.897s]                  from [01m[K/opt/ros/humble/include/rclcpp/rclcpp/any_executable.hpp:20[m[K,
[37.897s]                  from [01m[K/opt/ros/humble/include/rclcpp/rclcpp/memory_strategy.hpp:25[m[K,
[37.897s]                  from [01m[K/opt/ros/humble/include/rclcpp/rclcpp/memory_strategies.hpp:18[m[K,
[37.906s]                  from [01m[K/opt/ros/humble/include/rclcpp/rclcpp/executor_options.hpp:20[m[K,
[37.906s]                  from [01m[K/opt/ros/humble/include/rclcpp/rclcpp/executor.hpp:37[m[K,
[37.906s]                  from [01m[K/opt/ros/humble/include/rclcpp/rclcpp/executors/multi_threaded_executor.hpp:25[m[K,
[37.907s]                  from [01m[K/opt/ros/humble/include/rclcpp/rclcpp/executors.hpp:21[m[K,
[37.907s]                  from [01m[K/opt/ros/humble/include/rclcpp/rclcpp/rclcpp.hpp:155[m[K,
[37.907s]                  from [01m[K/home/naveen/bat_robot/src/batrobot_alexa/src/task_server.cpp:1[m[K:
[37.907s] [01m[K/home/naveen/bat_robot/src/batrobot_alexa/src/task_server.cpp:[m[K In member function â€˜[01m[Krclcpp_action::GoalResponse batrobot_alexa::TaskServer::goalCallback(...)[m[Kâ€™:
[37.912s] [01m[K/home/naveen/bat_robot/src/batrobot_alexa/src/task_server.cpp:36:67:[m[K [01;31m[Kerror: [m[Kâ€˜[01m[Kgoal[m[Kâ€™ was not declared in this scope
[37.913s]    36 |     RCLCPP_INFO(get_logger(), "Received goal request with id %d", [01;31m[Kgoal[m[K->task_number);
[37.913s]       |                                                                   [01;31m[K^~~~[m[K
[37.971s] [01m[K/home/naveen/bat_robot/src/batrobot_alexa/src/task_server.cpp:[m[K In member function â€˜[01m[Krclcpp_action::CancelResponse batrobot_alexa::TaskServer::cancelCallback(...)[m[Kâ€™:
[37.972s] [01m[K/home/naveen/bat_robot/src/batrobot_alexa/src/task_server.cpp:44:11:[m[K [01;31m[Kerror: [m[Kâ€˜[01m[Kgoal_handle[m[Kâ€™ was not declared in this scope
[37.972s]    44 |     (void)[01;31m[Kgoal_handle[m[K;
[37.972s]       |           [01;31m[K^~~~~~~~~~~[m[K
[38.041s] [01m[K/home/naveen/bat_robot/src/batrobot_alexa/src/task_server.cpp:[m[K In member function â€˜[01m[Kvoid batrobot_alexa::TaskServer::acceptedCallback(...)[m[Kâ€™:
[38.041s] [01m[K/home/naveen/bat_robot/src/batrobot_alexa/src/task_server.cpp:59:61:[m[K [01;31m[Kerror: [m[Kâ€˜[01m[Kgoal_handle[m[Kâ€™ was not declared in this scope
[38.042s]    59 |     std::thread{ std::bind(&TaskServer::execute, this, _1), [01;31m[Kgoal_handle[m[K }.detach();
[38.042s]       |                                                             [01;31m[K^~~~~~~~~~~[m[K
[38.042s] [01m[K/home/naveen/bat_robot/src/batrobot_alexa/src/task_server.cpp:59:73:[m[K [01;31m[Kerror: [m[Kno matching function for call to â€˜[01m[Kstd::thread::thread(<brace-enclosed initializer list>)[m[Kâ€™
[38.042s]    59 |     std::thread{ std::bind(&TaskServer::execute, this, _1), goal_handle [01;31m[K}[m[K.detach();
[38.042s]       |                                                                         [01;31m[K^[m[K
[38.049s] In file included from [01m[K/usr/include/c++/11/future:48[m[K,
[38.049s]                  from [01m[K/opt/ros/humble/include/rclcpp/rclcpp/executors.hpp:18[m[K,
[38.053s]                  from [01m[K/opt/ros/humble/include/rclcpp/rclcpp/rclcpp.hpp:155[m[K,
[38.053s]                  from [01m[K/home/naveen/bat_robot/src/batrobot_alexa/src/task_server.cpp:1[m[K:
[38.053s] [01m[K/usr/include/c++/11/bits/std_thread.h:127:7:[m[K [01;36m[Knote: [m[Kcandidate: â€˜[01m[Ktemplate<class _Callable, class ... _Args, class> std::thread::thread(_Callable&&, _Args&& ...)[m[Kâ€™
[38.057s]   127 |       [01;36m[Kthread[m[K(_Callable&& __f, _Args&&... __args)
[38.058s]       |       [01;36m[K^~~~~~[m[K
[38.058s] [01m[K/usr/include/c++/11/bits/std_thread.h:127:7:[m[K [01;36m[Knote: [m[K  template argument deduction/substitution failed:
[38.058s] [01m[K/usr/include/c++/11/bits/std_thread.h:157:5:[m[K [01;36m[Knote: [m[Kcandidate: â€˜[01m[Kstd::thread::thread(std::thread&&)[m[Kâ€™
[38.061s]   157 |     [01;36m[Kthread[m[K(thread&& __t) noexcept
[38.064s]       |     [01;36m[K^~~~~~[m[K
[38.064s] [01m[K/usr/include/c++/11/bits/std_thread.h:157:5:[m[K [01;36m[Knote: [m[K  candidate expects 1 argument, 2 provided
[38.064s] [01m[K/usr/include/c++/11/bits/std_thread.h:121:5:[m[K [01;36m[Knote: [m[Kcandidate: â€˜[01m[Kstd::thread::thread()[m[Kâ€™
[38.064s]   121 |     [01;36m[Kthread[m[K() noexcept = default;
[38.065s]       |     [01;36m[K^~~~~~[m[K
[38.065s] [01m[K/usr/include/c++/11/bits/std_thread.h:121:5:[m[K [01;36m[Knote: [m[K  candidate expects 0 arguments, 2 provided
[38.104s] [01m[K/home/naveen/bat_robot/src/batrobot_alexa/src/task_server.cpp:[m[K In member function â€˜[01m[Kvoid batrobot_alexa::TaskServer::execute(...)[m[Kâ€™:
[38.105s] [01m[K/home/naveen/bat_robot/src/batrobot_alexa/src/task_server.cpp:65:36:[m[K [01;31m[Kerror: [m[Kâ€˜[01m[Kbatrobot[m[Kâ€™ was not declared in this scope
[38.105s]    65 |     auto result = std::make_shared<[01;31m[Kbatrobot[m[K::action::BatrobotTask::Result>();
[38.105s]       |                                    [01;31m[K^~~~~~~~[m[K
[38.108s] [01m[K/home/naveen/bat_robot/src/batrobot_alexa/src/task_server.cpp:65:24:[m[K [01;31m[Kerror: [m[Kparse error in template argument list
[38.108s]    65 |     auto result = std::[01;31m[Kmake_shared<batrobot::action::BatrobotTask::Result>[m[K();
[38.108s]       |                        [01;31m[K^~~~~~~~~~~~~~~~~~~~~~~~~~~~~~~~~~~~~~~~~~~~~~~~~~~[m[K
[38.109s] [01m[K/home/naveen/bat_robot/src/batrobot_alexa/src/task_server.cpp:65:75:[m[K [01;31m[Kerror: [m[Kno matching function for call to â€˜[01m[Kmake_shared<<expression error> >()[m[Kâ€™
[38.109s]    65 |     auto result = [01;31m[Kstd::make_shared<batrobot::action::BatrobotTask::Result>()[m[K;
[38.109s]       |                   [01;31m[K~~~~~~~~~~~~~~~~~~~~~~~~~~~~~~~~~~~~~~~~~~~~~~~~~~~~~~~~^~[m[K
[38.109s] In file included from [01m[K/usr/include/c++/11/memory:77[m[K,
[38.115s]                  from [01m[K/opt/ros/humble/include/rclcpp/rclcpp/rclcpp.hpp:153[m[K,
[38.115s]                  from [01m[K/home/naveen/bat_robot/src/batrobot_alexa/src/task_server.cpp:1[m[K:
[38.115s] [01m[K/usr/include/c++/11/bits/shared_ptr.h:875:5:[m[K [01;36m[Knote: [m[Kcandidate: â€˜[01m[Ktemplate<class _Tp, class ... _Args> std::shared_ptr<_Tp> std::make_shared(_Args&& ...)[m[Kâ€™
[38.116s]   875 |     [01;36m[Kmake_shared[m[K(_Args&&... __args)
[38.116s]       |     [01;36m[K^~~~~~~~~~~[m[K
[38.116s] [01m[K/usr/include/c++/11/bits/shared_ptr.h:875:5:[m[K [01;36m[Knote: [m[K  template argument deduction/substitution failed:
[38.123s] [01m[K/home/naveen/bat_robot/src/batrobot_alexa/src/task_server.cpp:65:75:[m[K [01;31m[Kerror: [m[Ktemplate argument 1 is invalid
[38.123s]    65 |     auto result = [01;31m[Kstd::make_shared<batrobot::action::BatrobotTask::Result>()[m[K;
[38.123s]       |                   [01;31m[K~~~~~~~~~~~~~~~~~~~~~~~~~~~~~~~~~~~~~~~~~~~~~~~~~~~~~~~~^~[m[K
[38.182s] [01m[K/home/naveen/bat_robot/src/batrobot_alexa/src/task_server.cpp:75:9:[m[K [01;31m[Kerror: [m[Kâ€˜[01m[Kgoal_handle[m[Kâ€™ was not declared in this scope
[38.183s]    75 |     if ([01;31m[Kgoal_handle[m[K->get_goal()->task_number == 0)
[38.183s]       |         [01;31m[K^~~~~~~~~~~[m[K
[38.275s] [01m[K/home/naveen/bat_robot/src/batrobot_alexa/src/task_server.cpp:126:5:[m[K [01;31m[Kerror: [m[Kâ€˜[01m[Kgoal_handle[m[Kâ€™ was not declared in this scope
[38.276s]   126 |     [01;31m[Kgoal_handle[m[K->succeed(result);
[38.276s]       |     [01;31m[K^~~~~~~~~~~[m[K
[52.621s] gmake[2]: *** [CMakeFiles/task_server.dir/build.make:76: CMakeFiles/task_server.dir/src/task_server.cpp.o] Error 1
[52.625s] gmake[1]: *** [CMakeFiles/Makefile2:142: CMakeFiles/task_server.dir/all] Error 2
[52.629s] gmake: *** [Makefile:146: all] Error 2
[52.644s] Invoked command in '/home/naveen/bat_robot/build/batrobot_alexa' returned '2': AMENT_PREFIX_PATH=/home/naveen/bat_robot/install/batrobot_moveit:/home/naveen/bat_robot/install/batrobot_controller:/home/naveen/bat_robot/install/batrobot_msgs:/home/naveen/bat_robot/install/batrobot_description:${AMENT_PREFIX_PATH} CMAKE_PREFIX_PATH=/home/naveen/bat_robot/install/batrobot_moveit:/home/naveen/bat_robot/install/batrobot_controller:/home/naveen/bat_robot/install/batrobot_msgs:/home/naveen/bat_robot/install/batrobot_description:/home/naveen/roarm_ws_em0/install/ros2web_interfaces:/home/naveen/roarm_ws_em0/install/roarm_msgs:/home/naveen/roarm_ws_em0/install/roarm_moveit_ikfast_plugins:/home/naveen/roarm_ws_em0/install/roarm_moveit_cmd:/home/naveen/roarm_ws_em0/install/roarm_moveit:/home/naveen/roarm_ws_em0/install/roarm_description:/home/naveen/roarm_ws_em0/install/moveit_servo:/home/naveen/roarm_ws_em0/install/alexa_integration:/home/naveen/roarm_ws_em0/install/ros2web_widgets:/home/naveen/roarm_ws_em0/install/ros2web_example_py:/home/naveen/roarm_ws_em0/install/roarm_web_app:/home/naveen/roarm_ws_em0/install/ros2web_app:/home/naveen/roarm_ws_em0/install/ros2web:/home/naveen/roarm_ws_em0/install/roarm_driver:/home/naveen/roarm_ws_em0/install/launch_api:/opt/ros/humble LD_LIBRARY_PATH=/home/naveen/bat_robot/install/batrobot_controller/lib:/home/naveen/bat_robot/install/batrobot_msgs/lib:${LD_LIBRARY_PATH} PYTHONPATH=/home/naveen/bat_robot/install/batrobot_controller/lib/python3.10/site-packages:/home/naveen/bat_robot/install/batrobot_msgs/local/lib/python3.10/dist-packages:${PYTHONPATH} /usr/bin/cmake --build /home/naveen/bat_robot/build/batrobot_alexa -- -j2 -l2
