[0.165s] Invoking command in '/home/naveen/bat_robot/build/batrobot_alexa': AMENT_PREFIX_PATH=/home/naveen/bat_robot/install/batrobot_moveit:/home/naveen/bat_robot/install/batrobot_controller:/home/naveen/bat_robot/install/batrobot_msgs:/home/naveen/bat_robot/install/batrobot_description:${AMENT_PREFIX_PATH} CMAKE_PREFIX_PATH=/home/naveen/bat_robot/install/batrobot_moveit:/home/naveen/bat_robot/install/batrobot_controller:/home/naveen/bat_robot/install/batrobot_msgs:/home/naveen/bat_robot/install/batrobot_description:/home/naveen/roarm_ws_em0/install/ros2web_interfaces:/home/naveen/roarm_ws_em0/install/roarm_msgs:/home/naveen/roarm_ws_em0/install/roarm_moveit_ikfast_plugins:/home/naveen/roarm_ws_em0/install/roarm_moveit_cmd:/home/naveen/roarm_ws_em0/install/roarm_moveit:/home/naveen/roarm_ws_em0/install/roarm_description:/home/naveen/roarm_ws_em0/install/moveit_servo:/home/naveen/roarm_ws_em0/install/alexa_integration:/home/naveen/roarm_ws_em0/install/ros2web_widgets:/home/naveen/roarm_ws_em0/install/ros2web_example_py:/home/naveen/roarm_ws_em0/install/roarm_web_app:/home/naveen/roarm_ws_em0/install/ros2web_app:/home/naveen/roarm_ws_em0/install/ros2web:/home/naveen/roarm_ws_em0/install/roarm_driver:/home/naveen/roarm_ws_em0/install/launch_api:/opt/ros/humble LD_LIBRARY_PATH=/home/naveen/bat_robot/install/batrobot_controller/lib:/home/naveen/bat_robot/install/batrobot_msgs/lib:${LD_LIBRARY_PATH} PYTHONPATH=/home/naveen/bat_robot/install/batrobot_controller/lib/python3.10/site-packages:/home/naveen/bat_robot/install/batrobot_msgs/local/lib/python3.10/dist-packages:${PYTHONPATH} /usr/bin/cmake --build /home/naveen/bat_robot/build/batrobot_alexa -- -j2 -l2
[0.318s] -- Found ament_cmake: 1.3.11 (/opt/ros/humble/share/ament_cmake/cmake)
[1.363s] -- Found rclcpp: 16.0.11 (/opt/ros/humble/share/rclcpp/cmake)
[1.605s] -- Found rosidl_generator_c: 3.1.6 (/opt/ros/humble/share/rosidl_generator_c/cmake)
[1.616s] -- Found rosidl_adapter: 3.1.6 (/opt/ros/humble/share/rosidl_adapter/cmake)
[1.657s] -- Found rosidl_generator_cpp: 3.1.6 (/opt/ros/humble/share/rosidl_generator_cpp/cmake)
[1.728s] -- Using all available rosidl_typesupport_c: rosidl_typesupport_fastrtps_c;rosidl_typesupport_introspection_c
[1.826s] -- Using all available rosidl_typesupport_cpp: rosidl_typesupport_fastrtps_cpp;rosidl_typesupport_introspection_cpp
[2.200s] -- Found rmw_implementation_cmake: 6.1.2 (/opt/ros/humble/share/rmw_implementation_cmake/cmake)
[2.221s] -- Found rmw_fastrtps_cpp: 6.2.7 (/opt/ros/humble/share/rmw_fastrtps_cpp/cmake)
[3.133s] -- Using RMW implementation 'rmw_fastrtps_cpp' as default
[3.794s] -- Found rclcpp_action: 16.0.11 (/opt/ros/humble/share/rclcpp_action/cmake)
[4.081s] -- Found rclcpp_components: 16.0.11 (/opt/ros/humble/share/rclcpp_components/cmake)
[4.186s] -- Found batrobot_msgs: 0.0.0 (/home/naveen/bat_robot/install/batrobot_msgs/share/batrobot_msgs/cmake)
[4.280s] -- Found moveit_ros_planning_interface: 2.5.8 (/opt/ros/humble/share/moveit_ros_planning_interface/cmake)
[4.456s] -- Found Boost: /usr/lib/x86_64-linux-gnu/cmake/Boost-1.74.0/BoostConfig.cmake (found version "1.74.0") found components: date_time filesystem program_options system thread 
[5.567s] -- Found Boost: /usr/lib/x86_64-linux-gnu/cmake/Boost-1.74.0/BoostConfig.cmake (found version "1.74.0") found components: chrono date_time filesystem iostreams program_options regex serialization system thread 
[5.976s] -- Found parameter_traits: 0.4.0 (/opt/ros/humble/share/parameter_traits/cmake)
[6.033s] -- Found Eigen3: TRUE (found version "3.4.0") 
[6.049s] -- Found rclcpp_lifecycle: 16.0.11 (/opt/ros/humble/share/rclcpp_lifecycle/cmake)
[6.151s] -- Found Boost: /usr/lib/x86_64-linux-gnu/cmake/Boost-1.74.0/BoostConfig.cmake (found version "1.74.0") found components: filesystem 
[6.610s] -- library: /usr/lib/x86_64-linux-gnu/libcurl.so
[6.839s] -- Ensuring Eigen3 include directory is part of orocos-kdl CMake target
[7.591s] -- Found Boost: /usr/lib/x86_64-linux-gnu/cmake/Boost-1.74.0/BoostConfig.cmake (found version "1.74.0") found components: system filesystem date_time program_options thread chrono 
[7.769s] -- Found Boost: /usr/lib/x86_64-linux-gnu/cmake/Boost-1.74.0/BoostConfig.cmake (found version "1.74.0") found components: thread system filesystem regex date_time program_options 
[7.894s] -- Found Boost: /usr/lib/x86_64-linux-gnu/cmake/Boost-1.74.0/BoostConfig.cmake (found version "1.74.0") found components: system filesystem date_time program_options thread 
[8.084s] -- Found rclpy: 3.3.15 (/opt/ros/humble/share/rclpy/cmake)
[8.998s] -- Configuring done
[9.173s] -- Generating done
[9.219s] -- Build files have been written to: /home/naveen/bat_robot/build/batrobot_alexa
[9.401s] [ 25%] [32mBuilding CXX object CMakeFiles/task_server.dir/src/task_server.cpp.o[0m
[28.708s] [01m[K/home/naveen/bat_robot/src/batrobot_alexa/src/task_server.cpp:28:25:[m[K [01;31m[Kerror: [m[Kâ€˜[01m[Kbatrobot[m[Kâ€™ was not declared in this scope
[28.708s]    28 |   rclcpp_action::Server<[01;31m[Kbatrobot[m[K::action::BatrobotTask>::SharedPtr action_server_;
[28.708s]       |                         [01;31m[K^~~~~~~~[m[K
[28.709s] [01m[K/home/naveen/bat_robot/src/batrobot_alexa/src/task_server.cpp:28:55:[m[K [01;31m[Kerror: [m[Ktemplate argument 1 is invalid
[28.709s]    28 |   rclcpp_action::Server<batrobot::action::BatrobotTask[01;31m[K>[m[K::SharedPtr action_server_;
[28.709s]       |                                                       [01;31m[K^[m[K
[28.709s] [01m[K/home/naveen/bat_robot/src/batrobot_alexa/src/task_server.cpp:28:58:[m[K [01;31m[Kerror: [m[Kexpected â€˜[01m[K;[m[Kâ€™ at end of member declaration
[28.709s]    28 |   rclcpp_action::Server<batrobot::action::BatrobotTask>::[01;31m[KSharedPtr[m[K action_server_;
[28.709s]       |                                                          [01;31m[K^~~~~~~~~[m[K
[28.710s]       |                                                                   [32m[K;[m[K
[28.726s] [01m[K/home/naveen/bat_robot/src/batrobot_alexa/src/task_server.cpp:28:68:[m[K [01;31m[Kerror: [m[Kâ€˜[01m[Kaction_server_[m[Kâ€™ does not name a type; did you mean â€˜[01m[Krcl_action_server_t[m[Kâ€™?
[28.726s]    28 |   rclcpp_action::Server<batrobot::action::BatrobotTask>::SharedPtr [01;31m[Kaction_server_[m[K;
[28.726s]       |                                                                    [01;31m[K^~~~~~~~~~~~~~[m[K
[28.726s]       |                                                                    [32m[Krcl_action_server_t[m[K
[28.734s] [01m[K/home/naveen/bat_robot/src/batrobot_alexa/src/task_server.cpp:34:37:[m[K [01;31m[Kerror: [m[KISO C++ forbids declaration of â€˜[01m[Ktype name[m[Kâ€™ with no type [[01;31m[K]8;;https://gcc.gnu.org/onlinedocs/gcc/Warning-Options.html#index-fpermissive-fpermissive]8;;[m[K]
[28.736s]    34 |       std::shared_ptr<const batrobot[01;31m[K::[m[Kaction::BatrobotTask::Goal> goal)
[28.736s]       |                                     [01;31m[K^~[m[K
[28.736s] [01m[K/home/naveen/bat_robot/src/batrobot_alexa/src/task_server.cpp:34:65:[m[K [01;31m[Kerror: [m[Ktemplate argument 1 is invalid
[28.736s]    34 |       std::shared_ptr<const batrobot::action::BatrobotTask::Goal[01;31m[K>[m[K goal)
[28.737s]       |                                                                 [01;31m[K^[m[K
[28.737s] [01m[K/home/naveen/bat_robot/src/batrobot_alexa/src/task_server.cpp:34:37:[m[K [01;31m[Kerror: [m[KISO C++ forbids declaration of â€˜[01m[Ktype name[m[Kâ€™ with no type [[01;31m[K]8;;https://gcc.gnu.org/onlinedocs/gcc/Warning-Options.html#index-fpermissive-fpermissive]8;;[m[K]
[28.742s]    34 |       std::shared_ptr<const batrobot[01;31m[K::[m[Kaction::BatrobotTask::Goal> goal)
[28.742s]       |                                     [01;31m[K^~[m[K
[28.743s] [01m[K/home/naveen/bat_robot/src/batrobot_alexa/src/task_server.cpp:34:65:[m[K [01;31m[Kerror: [m[Ktemplate argument 1 is invalid
[28.743s]    34 |       std::shared_ptr<const batrobot::action::BatrobotTask::Goal[01;31m[K>[m[K goal)
[28.743s]       |                                                                 [01;31m[K^[m[K
[28.743s] [01m[K/home/naveen/bat_robot/src/batrobot_alexa/src/task_server.cpp:34:37:[m[K [01;31m[Kerror: [m[KISO C++ forbids declaration of â€˜[01m[Ktype name[m[Kâ€™ with no type [[01;31m[K]8;;https://gcc.gnu.org/onlinedocs/gcc/Warning-Options.html#index-fpermissive-fpermissive]8;;[m[K]
[28.743s]    34 |       std::shared_ptr<const batrobot[01;31m[K::[m[Kaction::BatrobotTask::Goal> goal)
[28.743s]       |                                     [01;31m[K^~[m[K
[28.748s] [01m[K/home/naveen/bat_robot/src/batrobot_alexa/src/task_server.cpp:34:65:[m[K [01;31m[Kerror: [m[Ktemplate argument 1 is invalid
[28.748s]    34 |       std::shared_ptr<const batrobot::action::BatrobotTask::Goal[01;31m[K>[m[K goal)
[28.749s]       |                                                                 [01;31m[K^[m[K
[28.749s] [01m[K/home/naveen/bat_robot/src/batrobot_alexa/src/task_server.cpp:34:7:[m[K [01;31m[Kerror: [m[Kinvalid template-id
[28.749s]    34 |       [01;31m[Kstd[m[K::shared_ptr<const batrobot::action::BatrobotTask::Goal> goal)
[28.749s]       |       [01;31m[K^~~[m[K
[28.750s] [01m[K/home/naveen/bat_robot/src/batrobot_alexa/src/task_server.cpp:34:37:[m[K [01;31m[Kerror: [m[KISO C++ forbids declaration of â€˜[01m[Ktype name[m[Kâ€™ with no type [[01;31m[K]8;;https://gcc.gnu.org/onlinedocs/gcc/Warning-Options.html#index-fpermissive-fpermissive]8;;[m[K]
[28.750s]    34 |       std::shared_ptr<const batrobot[01;31m[K::[m[Kaction::BatrobotTask::Goal> goal)
[28.756s]       |                                     [01;31m[K^~[m[K
[28.756s] [01m[K/home/naveen/bat_robot/src/batrobot_alexa/src/task_server.cpp:34:23:[m[K [01;31m[Kerror: [m[Kexpected primary-expression before â€˜[01m[Kconst[m[Kâ€™
[28.756s]    34 |       std::shared_ptr<[01;31m[Kconst[m[K batrobot::action::BatrobotTask::Goal> goal)
[28.756s]       |                       [01;31m[K^~~~~[m[K
[28.756s] [01m[K/home/naveen/bat_robot/src/batrobot_alexa/src/task_server.cpp:34:23:[m[K [01;31m[Kerror: [m[Kexpected â€˜[01m[K>[m[Kâ€™ before â€˜[01m[Kconst[m[Kâ€™
[28.757s] [01m[K/home/naveen/bat_robot/src/batrobot_alexa/src/task_server.cpp:34:7:[m[K [01;31m[Kerror: [m[Kclass template placeholder â€˜[01m[Kstd::shared_ptr[m[Kâ€™ not permitted in this context
[28.761s]    34 |       [01;31m[Kstd[m[K::shared_ptr<const batrobot::action::BatrobotTask::Goal> goal)
[28.761s]       |       [01;31m[K^~~[m[K
[28.768s] [01m[K/home/naveen/bat_robot/src/batrobot_alexa/src/task_server.cpp:42:61:[m[K [01;31m[Kerror: [m[Kâ€˜[01m[Kaatrobot[m[Kâ€™ was not declared in this scope
[28.768s]    42 |       const std::shared_ptr<rclcpp_action::ServerGoalHandle<[01;31m[Kaatrobot[m[K::action::BatrobotTask>> goal_handle)
[28.771s]       |                                                             [01;31m[K^~~~~~~~[m[K
[28.771s] [01m[K/home/naveen/bat_robot/src/batrobot_alexa/src/task_server.cpp:42:91:[m[K [01;31m[Kerror: [m[Ktemplate argument 1 is invalid
[28.771s]    42 |       const std::shared_ptr<rclcpp_action::ServerGoalHandle<aatrobot::action::BatrobotTask[01;31m[K>>[m[K goal_handle)
[28.772s]       |                                                                                           [01;31m[K^~[m[K
[28.791s] [01m[K/home/naveen/bat_robot/src/batrobot_alexa/src/task_server.cpp:42:61:[m[K [01;31m[Kerror: [m[Kâ€˜[01m[Kaatrobot[m[Kâ€™ was not declared in this scope
[28.792s]    42 |       const std::shared_ptr<rclcpp_action::ServerGoalHandle<[01;31m[Kaatrobot[m[K::action::BatrobotTask>> goal_handle)
[28.792s]       |                                                             [01;31m[K^~~~~~~~[m[K
[28.792s] [01m[K/home/naveen/bat_robot/src/batrobot_alexa/src/task_server.cpp:42:91:[m[K [01;31m[Kerror: [m[Ktemplate argument 1 is invalid
[28.792s]    42 |       const std::shared_ptr<rclcpp_action::ServerGoalHandle<aatrobot::action::BatrobotTask[01;31m[K>>[m[K goal_handle)
[28.793s]       |                                                                                           [01;31m[K^~[m[K
[28.825s] [01m[K/home/naveen/bat_robot/src/batrobot_alexa/src/task_server.cpp:42:61:[m[K [01;31m[Kerror: [m[Kâ€˜[01m[Kaatrobot[m[Kâ€™ was not declared in this scope
[28.825s]    42 |       const std::shared_ptr<rclcpp_action::ServerGoalHandle<[01;31m[Kaatrobot[m[K::action::BatrobotTask>> goal_handle)
[28.826s]       |                                                             [01;31m[K^~~~~~~~[m[K
[28.826s] [01m[K/home/naveen/bat_robot/src/batrobot_alexa/src/task_server.cpp:42:91:[m[K [01;31m[Kerror: [m[Ktemplate argument 1 is invalid
[28.826s]    42 |       const std::shared_ptr<rclcpp_action::ServerGoalHandle<aatrobot::action::BatrobotTask[01;31m[K>>[m[K goal_handle)
[28.827s]       |                                                                                           [01;31m[K^~[m[K
[28.827s] [01m[K/home/naveen/bat_robot/src/batrobot_alexa/src/task_server.cpp:42:29:[m[K [01;31m[Kerror: [m[Kinvalid template-id
[28.834s]    42 |       const std::shared_ptr<[01;31m[Krclcpp_action[m[K::ServerGoalHandle<aatrobot::action::BatrobotTask>> goal_handle)
[28.834s]       |                             [01;31m[K^~~~~~~~~~~~~[m[K
[28.853s] [01m[K/home/naveen/bat_robot/src/batrobot_alexa/src/task_server.cpp:42:61:[m[K [01;31m[Kerror: [m[Kâ€˜[01m[Kaatrobot[m[Kâ€™ was not declared in this scope
[28.854s]    42 |       const std::shared_ptr<rclcpp_action::ServerGoalHandle<[01;31m[Kaatrobot[m[K::action::BatrobotTask>> goal_handle)
[28.854s]       |                                                             [01;31m[K^~~~~~~~[m[K
[28.854s] [01m[K/home/naveen/bat_robot/src/batrobot_alexa/src/task_server.cpp:42:94:[m[K [01;31m[Kerror: [m[Ktemplate argument 1 is invalid
[28.855s]    42 |       const std::shared_ptr<rclcpp_action::ServerGoalHandle<aatrobot::action::BatrobotTask>> [01;31m[Kgoal_handle[m[K)
[28.855s]       |                                                                                              [01;31m[K^~~~~~~~~~~[m[K
[28.862s] [01m[K/home/naveen/bat_robot/src/batrobot_alexa/src/task_server.cpp:42:94:[m[K [01;31m[Kerror: [m[Ktemplate argument 1 is invalid
[28.862s] [01m[K/home/naveen/bat_robot/src/batrobot_alexa/src/task_server.cpp:42:94:[m[K [01;31m[Kerror: [m[Ktemplate argument 1 is invalid
[28.863s] [01m[K/home/naveen/bat_robot/src/batrobot_alexa/src/task_server.cpp:42:13:[m[K [01;31m[Kerror: [m[Kinvalid template-id
[28.863s]    42 |       const [01;31m[Kstd[m[K::shared_ptr<rclcpp_action::ServerGoalHandle<aatrobot::action::BatrobotTask>> goal_handle)
[28.863s]       |             [01;31m[K^~~[m[K
[28.863s] [01m[K/home/naveen/bat_robot/src/batrobot_alexa/src/task_server.cpp:42:94:[m[K [01;31m[Kerror: [m[Kmissing template arguments before â€˜[01m[Kgoal_handle[m[Kâ€™
[28.864s]    42 |       const std::shared_ptr<rclcpp_action::ServerGoalHandle<aatrobot::action::BatrobotTask>> [01;31m[Kgoal_handle[m[K)
[28.864s]       |                                                                                              [01;31m[K^~~~~~~~~~~[m[K
[28.870s] [01m[K/home/naveen/bat_robot/src/batrobot_alexa/src/task_server.cpp:42:94:[m[K [01;31m[Kerror: [m[Kexpected â€˜[01m[K>[m[Kâ€™ before â€˜[01m[Kgoal_handle[m[Kâ€™
[28.870s] [01m[K/home/naveen/bat_robot/src/batrobot_alexa/src/task_server.cpp:42:7:[m[K [01;31m[Kerror: [m[Kclass template placeholder â€˜[01m[Kstd::shared_ptr[m[Kâ€™ not permitted in this context
[28.870s]    42 |       [01;31m[Kconst[m[K std::shared_ptr<rclcpp_action::ServerGoalHandle<aatrobot::action::BatrobotTask>> goal_handle)
[28.871s]       |       [01;31m[K^~~~~[m[K
[28.887s] [01m[K/home/naveen/bat_robot/src/batrobot_alexa/src/task_server.cpp:56:61:[m[K [01;31m[Kerror: [m[Kâ€˜[01m[Kbatrobot[m[Kâ€™ was not declared in this scope
[28.888s]    56 |       const std::shared_ptr<rclcpp_action::ServerGoalHandle<[01;31m[Kbatrobot[m[K::action::BatrobotTask>> goal_handle)
[28.888s]       |                                                             [01;31m[K^~~~~~~~[m[K
[28.888s] [01m[K/home/naveen/bat_robot/src/batrobot_alexa/src/task_server.cpp:56:91:[m[K [01;31m[Kerror: [m[Ktemplate argument 1 is invalid
[28.888s]    56 |       const std::shared_ptr<rclcpp_action::ServerGoalHandle<batrobot::action::BatrobotTask[01;31m[K>>[m[K goal_handle)
[28.888s]       |                                                                                           [01;31m[K^~[m[K
[28.905s] [01m[K/home/naveen/bat_robot/src/batrobot_alexa/src/task_server.cpp:56:61:[m[K [01;31m[Kerror: [m[Kâ€˜[01m[Kbatrobot[m[Kâ€™ was not declared in this scope
[28.906s]    56 |       const std::shared_ptr<rclcpp_action::ServerGoalHandle<[01;31m[Kbatrobot[m[K::action::BatrobotTask>> goal_handle)
[28.906s]       |                                                             [01;31m[K^~~~~~~~[m[K
[28.906s] [01m[K/home/naveen/bat_robot/src/batrobot_alexa/src/task_server.cpp:56:91:[m[K [01;31m[Kerror: [m[Ktemplate argument 1 is invalid
[28.906s]    56 |       const std::shared_ptr<rclcpp_action::ServerGoalHandle<batrobot::action::BatrobotTask[01;31m[K>>[m[K goal_handle)
[28.907s]       |                                                                                           [01;31m[K^~[m[K
[28.925s] [01m[K/home/naveen/bat_robot/src/batrobot_alexa/src/task_server.cpp:56:61:[m[K [01;31m[Kerror: [m[Kâ€˜[01m[Kbatrobot[m[Kâ€™ was not declared in this scope
[28.925s]    56 |       const std::shared_ptr<rclcpp_action::ServerGoalHandle<[01;31m[Kbatrobot[m[K::action::BatrobotTask>> goal_handle)
[28.925s]       |                                                             [01;31m[K^~~~~~~~[m[K
[28.926s] [01m[K/home/naveen/bat_robot/src/batrobot_alexa/src/task_server.cpp:56:91:[m[K [01;31m[Kerror: [m[Ktemplate argument 1 is invalid
[28.932s]    56 |       const std::shared_ptr<rclcpp_action::ServerGoalHandle<batrobot::action::BatrobotTask[01;31m[K>>[m[K goal_handle)
[28.932s]       |                                                                                           [01;31m[K^~[m[K
[28.932s] [01m[K/home/naveen/bat_robot/src/batrobot_alexa/src/task_server.cpp:56:29:[m[K [01;31m[Kerror: [m[Kinvalid template-id
[28.933s]    56 |       const std::shared_ptr<[01;31m[Krclcpp_action[m[K::ServerGoalHandle<batrobot::action::BatrobotTask>> goal_handle)
[28.933s]       |                             [01;31m[K^~~~~~~~~~~~~[m[K
[28.950s] [01m[K/home/naveen/bat_robot/src/batrobot_alexa/src/task_server.cpp:56:61:[m[K [01;31m[Kerror: [m[Kâ€˜[01m[Kbatrobot[m[Kâ€™ was not declared in this scope
[28.951s]    56 |       const std::shared_ptr<rclcpp_action::ServerGoalHandle<[01;31m[Kbatrobot[m[K::action::BatrobotTask>> goal_handle)
[28.951s]       |                                                             [01;31m[K^~~~~~~~[m[K
[28.957s] [01m[K/home/naveen/bat_robot/src/batrobot_alexa/src/task_server.cpp:56:94:[m[K [01;31m[Kerror: [m[Ktemplate argument 1 is invalid
[28.960s]    56 |       const std::shared_ptr<rclcpp_action::ServerGoalHandle<batrobot::action::BatrobotTask>> [01;31m[Kgoal_handle[m[K)
[28.963s]       |                                                                                              [01;31m[K^~~~~~~~~~~[m[K
[28.964s] [01m[K/home/naveen/bat_robot/src/batrobot_alexa/src/task_server.cpp:56:94:[m[K [01;31m[Kerror: [m[Ktemplate argument 1 is invalid
[28.964s] [01m[K/home/naveen/bat_robot/src/batrobot_alexa/src/task_server.cpp:56:94:[m[K [01;31m[Kerror: [m[Ktemplate argument 1 is invalid
[28.964s] [01m[K/home/naveen/bat_robot/src/batrobot_alexa/src/task_server.cpp:56:13:[m[K [01;31m[Kerror: [m[Kinvalid template-id
[28.964s]    56 |       const [01;31m[Kstd[m[K::shared_ptr<rclcpp_action::ServerGoalHandle<batrobot::action::BatrobotTask>> goal_handle)
[28.965s]       |             [01;31m[K^~~[m[K
[28.970s] [01m[K/home/naveen/bat_robot/src/batrobot_alexa/src/task_server.cpp:56:94:[m[K [01;31m[Kerror: [m[Kmissing template arguments before â€˜[01m[Kgoal_handle[m[Kâ€™
[28.972s]    56 |       const std::shared_ptr<rclcpp_action::ServerGoalHandle<batrobot::action::BatrobotTask>> [01;31m[Kgoal_handle[m[K)
[28.972s]       |                                                                                              [01;31m[K^~~~~~~~~~~[m[K
[28.973s] [01m[K/home/naveen/bat_robot/src/batrobot_alexa/src/task_server.cpp:56:94:[m[K [01;31m[Kerror: [m[Kexpected â€˜[01m[K>[m[Kâ€™ before â€˜[01m[Kgoal_handle[m[Kâ€™
[28.975s] [01m[K/home/naveen/bat_robot/src/batrobot_alexa/src/task_server.cpp:56:7:[m[K [01;31m[Kerror: [m[Kclass template placeholder â€˜[01m[Kstd::shared_ptr[m[Kâ€™ not permitted in this context
[28.976s]    56 |       [01;31m[Kconst[m[K std::shared_ptr<rclcpp_action::ServerGoalHandle<batrobot::action::BatrobotTask>> goal_handle)
[28.976s]       |       [01;31m[K^~~~~[m[K
[28.979s] [01m[K/home/naveen/bat_robot/src/batrobot_alexa/src/task_server.cpp:62:70:[m[K [01;31m[Kerror: [m[Kâ€˜[01m[Kbatrobot[m[Kâ€™ was not declared in this scope
[28.979s]    62 |   void execute(const std::shared_ptr<rclcpp_action::ServerGoalHandle<[01;31m[Kbatrobot[m[K::action::BatrobotTask>> goal_handle)
[28.979s]       |                                                                      [01;31m[K^~~~~~~~[m[K
[28.979s] [01m[K/home/naveen/bat_robot/src/batrobot_alexa/src/task_server.cpp:62:100:[m[K [01;31m[Kerror: [m[Ktemplate argument 1 is invalid
[28.979s]    62 |   void execute(const std::shared_ptr<rclcpp_action::ServerGoalHandle<batrobot::action::BatrobotTask[01;31m[K>>[m[K goal_handle)
[28.980s]       |                                                                                                    [01;31m[K^~[m[K
[29.001s] [01m[K/home/naveen/bat_robot/src/batrobot_alexa/src/task_server.cpp:62:70:[m[K [01;31m[Kerror: [m[Kâ€˜[01m[Kbatrobot[m[Kâ€™ was not declared in this scope
[29.002s]    62 |   void execute(const std::shared_ptr<rclcpp_action::ServerGoalHandle<[01;31m[Kbatrobot[m[K::action::BatrobotTask>> goal_handle)
[29.004s]       |                                                                      [01;31m[K^~~~~~~~[m[K
[29.004s] [01m[K/home/naveen/bat_robot/src/batrobot_alexa/src/task_server.cpp:62:100:[m[K [01;31m[Kerror: [m[Ktemplate argument 1 is invalid
[29.005s]    62 |   void execute(const std::shared_ptr<rclcpp_action::ServerGoalHandle<batrobot::action::BatrobotTask[01;31m[K>>[m[K goal_handle)
[29.005s]       |                                                                                                    [01;31m[K^~[m[K
[29.029s] [01m[K/home/naveen/bat_robot/src/batrobot_alexa/src/task_server.cpp:62:70:[m[K [01;31m[Kerror: [m[Kâ€˜[01m[Kbatrobot[m[Kâ€™ was not declared in this scope
[29.029s]    62 |   void execute(const std::shared_ptr<rclcpp_action::ServerGoalHandle<[01;31m[Kbatrobot[m[K::action::BatrobotTask>> goal_handle)
[29.030s]       |                                                                      [01;31m[K^~~~~~~~[m[K
[29.030s] [01m[K/home/naveen/bat_robot/src/batrobot_alexa/src/task_server.cpp:62:100:[m[K [01;31m[Kerror: [m[Ktemplate argument 1 is invalid
[29.031s]    62 |   void execute(const std::shared_ptr<rclcpp_action::ServerGoalHandle<batrobot::action::BatrobotTask[01;31m[K>>[m[K goal_handle)
[29.031s]       |                                                                                                    [01;31m[K^~[m[K
[29.034s] [01m[K/home/naveen/bat_robot/src/batrobot_alexa/src/task_server.cpp:62:38:[m[K [01;31m[Kerror: [m[Kinvalid template-id
[29.035s]    62 |   void execute(const std::shared_ptr<[01;31m[Krclcpp_action[m[K::ServerGoalHandle<batrobot::action::BatrobotTask>> goal_handle)
[29.035s]       |                                      [01;31m[K^~~~~~~~~~~~~[m[K
[29.056s] [01m[K/home/naveen/bat_robot/src/batrobot_alexa/src/task_server.cpp:62:70:[m[K [01;31m[Kerror: [m[Kâ€˜[01m[Kbatrobot[m[Kâ€™ was not declared in this scope
[29.057s]    62 |   void execute(const std::shared_ptr<rclcpp_action::ServerGoalHandle<[01;31m[Kbatrobot[m[K::action::BatrobotTask>> goal_handle)
[29.057s]       |                                                                      [01;31m[K^~~~~~~~[m[K
[29.058s] [01m[K/home/naveen/bat_robot/src/batrobot_alexa/src/task_server.cpp:62:103:[m[K [01;31m[Kerror: [m[Ktemplate argument 1 is invalid
[29.059s]    62 |   void execute(const std::shared_ptr<rclcpp_action::ServerGoalHandle<batrobot::action::BatrobotTask>> [01;31m[Kgoal_handle[m[K)
[29.059s]       |                                                                                                       [01;31m[K^~~~~~~~~~~[m[K
[29.061s] [01m[K/home/naveen/bat_robot/src/batrobot_alexa/src/task_server.cpp:62:103:[m[K [01;31m[Kerror: [m[Ktemplate argument 1 is invalid
[29.061s] [01m[K/home/naveen/bat_robot/src/batrobot_alexa/src/task_server.cpp:62:103:[m[K [01;31m[Kerror: [m[Ktemplate argument 1 is invalid
[29.064s] [01m[K/home/naveen/bat_robot/src/batrobot_alexa/src/task_server.cpp:62:22:[m[K [01;31m[Kerror: [m[Kinvalid template-id
[29.065s]    62 |   void execute(const [01;31m[Kstd[m[K::shared_ptr<rclcpp_action::ServerGoalHandle<batrobot::action::BatrobotTask>> goal_handle)
[29.065s]       |                      [01;31m[K^~~[m[K
[29.066s] [01m[K/home/naveen/bat_robot/src/batrobot_alexa/src/task_server.cpp:62:103:[m[K [01;31m[Kerror: [m[Kmissing template arguments before â€˜[01m[Kgoal_handle[m[Kâ€™
[29.066s]    62 |   void execute(const std::shared_ptr<rclcpp_action::ServerGoalHandle<batrobot::action::BatrobotTask>> [01;31m[Kgoal_handle[m[K)
[29.069s]       |                                                                                                       [01;31m[K^~~~~~~~~~~[m[K
[29.069s] [01m[K/home/naveen/bat_robot/src/batrobot_alexa/src/task_server.cpp:62:103:[m[K [01;31m[Kerror: [m[Kexpected â€˜[01m[K>[m[Kâ€™ before â€˜[01m[Kgoal_handle[m[Kâ€™
[29.069s] [01m[K/home/naveen/bat_robot/src/batrobot_alexa/src/task_server.cpp:62:16:[m[K [01;31m[Kerror: [m[Kclass template placeholder â€˜[01m[Kstd::shared_ptr[m[Kâ€™ not permitted in this context
[29.070s]    62 |   void execute([01;31m[Kconst[m[K std::shared_ptr<rclcpp_action::ServerGoalHandle<batrobot::action::BatrobotTask>> goal_handle)
[29.070s]       |                [01;31m[K^~~~~[m[K
[29.105s] [01m[K/home/naveen/bat_robot/src/batrobot_alexa/src/task_server.cpp:[m[K In constructor â€˜[01m[Kbatrobot_remote::TaskServer::TaskServer(const rclcpp::NodeOptions&)[m[Kâ€™:
[29.107s] [01m[K/home/naveen/bat_robot/src/batrobot_alexa/src/task_server.cpp:21:5:[m[K [01;31m[Kerror: [m[Kâ€˜[01m[Kaction_server_[m[Kâ€™ was not declared in this scope; did you mean â€˜[01m[Krcl_action_server_t[m[Kâ€™?
[29.108s]    21 |     [01;31m[Kaction_server_[m[K = rclcpp_action::create_server<aatrobot::action::BatrobotTask>(
[29.108s]       |     [01;31m[K^~~~~~~~~~~~~~[m[K
[29.108s]       |     [32m[Krcl_action_server_t[m[K
[29.131s] [01m[K/home/naveen/bat_robot/src/batrobot_alexa/src/task_server.cpp:21:51:[m[K [01;31m[Kerror: [m[Kâ€˜[01m[Kaatrobot[m[Kâ€™ was not declared in this scope
[29.131s]    21 |     action_server_ = rclcpp_action::create_server<[01;31m[Kaatrobot[m[K::action::BatrobotTask>(
[29.132s]       |                                                   [01;31m[K^~~~~~~~[m[K
[29.132s] [01m[K/home/naveen/bat_robot/src/batrobot_alexa/src/task_server.cpp:21:37:[m[K [01;31m[Kerror: [m[Kparse error in template argument list
[29.141s]    21 |     action_server_ = rclcpp_action::[01;31m[Kcreate_server<aatrobot::action::BatrobotTask>[m[K(
[29.141s]       |                                     [01;31m[K^~~~~~~~~~~~~~~~~~~~~~~~~~~~~~~~~~~~~~~~~~~~~[m[K
[29.212s] [01m[K/home/naveen/bat_robot/src/batrobot_alexa/src/task_server.cpp:21:82:[m[K [01;31m[Kerror: [m[Kno matching function for call to â€˜[01m[Kcreate_server<<expression error> >(batrobot_remote::TaskServer*, const char [12], std::_Bind_helper<false, rclcpp_action::GoalResponse (batrobot_remote::TaskServer::*)(...), batrobot_remote::TaskServer*, const std::_Placeholder<1>&, const std::_Placeholder<2>&>::type, std::_Bind_helper<false, rclcpp_action::CancelResponse (batrobot_remote::TaskServer::*)(...), batrobot_remote::TaskServer*, const std::_Placeholder<1>&>::type, std::_Bind_helper<false, void (batrobot_remote::TaskServer::*)(...), batrobot_remote::TaskServer*, const std::_Placeholder<1>&>::type)[m[Kâ€™
[29.213s]    21 |     action_server_ = [01;31m[Krclcpp_action::create_server<aatrobot::action::BatrobotTask>([m[K
[29.213s]       |                      [01;31m[K~~~~~~~~~~~~~~~~~~~~~~~~~~~~~~~~~~~~~~~~~~~~~~~~~~~~~~~~~~~~^[m[K
[29.218s]    22 | [01;31m[K        this, "task_server", std::bind(&TaskServer::goalCallback, this, _1, _2),[m[K
[29.218s]       |         [01;31m[K~~~~~~~~~~~~~~~~~~~~~~~~~~~~~~~~~~~~~~~~~~~~~~~~~~~~~~~~~~~~~~~~~~~~~~~~[m[K  
[29.219s]    23 | [01;31m[K        std::bind(&TaskServer::cancelCallback, this, _1),[m[K
[29.219s]       |         [01;31m[K~~~~~~~~~~~~~~~~~~~~~~~~~~~~~~~~~~~~~~~~~~~~~~~~~[m[K                         
[29.219s]    24 | [01;31m[K        std::bind(&TaskServer::acceptedCallback, this, _1))[m[K;
[29.219s]       |         [01;31m[K~~~~~~~~~~~~~~~~~~~~~~~~~~~~~~~~~~~~~~~~~~~~~~~~~~~[m[K                       
[29.220s] In file included from [01m[K/opt/ros/humble/include/rclcpp_action/rclcpp_action/rclcpp_action.hpp:39[m[K,
[29.223s]                  from [01m[K/home/naveen/bat_robot/src/batrobot_alexa/src/task_server.cpp:2[m[K:
[29.225s] [01m[K/opt/ros/humble/include/rclcpp_action/rclcpp_action/create_server.hpp:58:1:[m[K [01;36m[Knote: [m[Kcandidate: â€˜[01m[Ktemplate<class ActionT> typename rclcpp_action::Server<ActionT>::SharedPtr rclcpp_action::create_server(rclcpp::node_interfaces::NodeBaseInterface::SharedPtr, rclcpp::node_interfaces::NodeClockInterface::SharedPtr, rclcpp::node_interfaces::NodeLoggingInterface::SharedPtr, rclcpp::node_interfaces::NodeWaitablesInterface::SharedPtr, const string&, typename rclcpp_action::Server<ActionT>::GoalCallback, typename rclcpp_action::Server<ActionT>::CancelCallback, typename rclcpp_action::Server<ActionT>::AcceptedCallback, const rcl_action_server_options_t&, rclcpp::CallbackGroup::SharedPtr)[m[Kâ€™
[29.225s]    58 | [01;36m[Kcreate_server[m[K(
[29.226s]       | [01;36m[K^~~~~~~~~~~~~[m[K
[29.229s] [01m[K/opt/ros/humble/include/rclcpp_action/rclcpp_action/create_server.hpp:58:1:[m[K [01;36m[Knote: [m[K  template argument deduction/substitution failed:
[29.229s] [01m[K/home/naveen/bat_robot/src/batrobot_alexa/src/task_server.cpp:21:82:[m[K [01;31m[Kerror: [m[Ktemplate argument 1 is invalid
[29.230s]    21 |     action_server_ = [01;31m[Krclcpp_action::create_server<aatrobot::action::BatrobotTask>([m[K
[29.230s]       |                      [01;31m[K~~~~~~~~~~~~~~~~~~~~~~~~~~~~~~~~~~~~~~~~~~~~~~~~~~~~~~~~~~~~^[m[K
[29.230s]    22 | [01;31m[K        this, "task_server", std::bind(&TaskServer::goalCallback, this, _1, _2),[m[K
[29.230s]       |         [01;31m[K~~~~~~~~~~~~~~~~~~~~~~~~~~~~~~~~~~~~~~~~~~~~~~~~~~~~~~~~~~~~~~~~~~~~~~~~[m[K  
[29.230s]    23 | [01;31m[K        std::bind(&TaskServer::cancelCallback, this, _1),[m[K
[29.231s]       |         [01;31m[K~~~~~~~~~~~~~~~~~~~~~~~~~~~~~~~~~~~~~~~~~~~~~~~~~[m[K                         
[29.235s]    24 | [01;31m[K        std::bind(&TaskServer::acceptedCallback, this, _1))[m[K;
[29.235s]       |         [01;31m[K~~~~~~~~~~~~~~~~~~~~~~~~~~~~~~~~~~~~~~~~~~~~~~~~~~~[m[K                       
[29.236s] In file included from [01m[K/opt/ros/humble/include/rclcpp_action/rclcpp_action/rclcpp_action.hpp:39[m[K,
[29.236s]                  from [01m[K/home/naveen/bat_robot/src/batrobot_alexa/src/task_server.cpp:2[m[K:
[29.236s] [01m[K/opt/ros/humble/include/rclcpp_action/rclcpp_action/create_server.hpp:132:1:[m[K [01;36m[Knote: [m[Kcandidate: â€˜[01m[Ktemplate<class ActionT, class NodeT> typename rclcpp_action::Server<ActionT>::SharedPtr rclcpp_action::create_server(NodeT, const string&, typename rclcpp_action::Server<ActionT>::GoalCallback, typename rclcpp_action::Server<ActionT>::CancelCallback, typename rclcpp_action::Server<ActionT>::AcceptedCallback, const rcl_action_server_options_t&, rclcpp::CallbackGroup::SharedPtr)[m[Kâ€™
[29.239s]   132 | [01;36m[Kcreate_server[m[K(
[29.239s]       | [01;36m[K^~~~~~~~~~~~~[m[K
[29.240s] [01m[K/opt/ros/humble/include/rclcpp_action/rclcpp_action/create_server.hpp:132:1:[m[K [01;36m[Knote: [m[K  template argument deduction/substitution failed:
[29.242s] [01m[K/home/naveen/bat_robot/src/batrobot_alexa/src/task_server.cpp:21:82:[m[K [01;31m[Kerror: [m[Ktemplate argument 1 is invalid
[29.242s]    21 |     action_server_ = [01;31m[Krclcpp_action::create_server<aatrobot::action::BatrobotTask>([m[K
[29.243s]       |                      [01;31m[K~~~~~~~~~~~~~~~~~~~~~~~~~~~~~~~~~~~~~~~~~~~~~~~~~~~~~~~~~~~~^[m[K
[29.243s]    22 | [01;31m[K        this, "task_server", std::bind(&TaskServer::goalCallback, this, _1, _2),[m[K
[29.243s]       |         [01;31m[K~~~~~~~~~~~~~~~~~~~~~~~~~~~~~~~~~~~~~~~~~~~~~~~~~~~~~~~~~~~~~~~~~~~~~~~~[m[K  
[29.243s]    23 | [01;31m[K        std::bind(&TaskServer::cancelCallback, this, _1),[m[K
[29.243s]       |         [01;31m[K~~~~~~~~~~~~~~~~~~~~~~~~~~~~~~~~~~~~~~~~~~~~~~~~~[m[K                         
[29.244s]    24 | [01;31m[K        std::bind(&TaskServer::acceptedCallback, this, _1))[m[K;
[29.244s]       |         [01;31m[K~~~~~~~~~~~~~~~~~~~~~~~~~~~~~~~~~~~~~~~~~~~~~~~~~~~[m[K                       
[29.250s] In file included from [01m[K/opt/ros/humble/include/rclcpp/rclcpp/logging.hpp:24[m[K,
[29.250s]                  from [01m[K/opt/ros/humble/include/rclcpp/rclcpp/client.hpp:40[m[K,
[29.257s]                  from [01m[K/opt/ros/humble/include/rclcpp/rclcpp/callback_group.hpp:24[m[K,
[29.257s]                  from [01m[K/opt/ros/humble/include/rclcpp/rclcpp/any_executable.hpp:20[m[K,
[29.258s]                  from [01m[K/opt/ros/humble/include/rclcpp/rclcpp/memory_strategy.hpp:25[m[K,
[29.258s]                  from [01m[K/opt/ros/humble/include/rclcpp/rclcpp/memory_strategies.hpp:18[m[K,
[29.258s]                  from [01m[K/opt/ros/humble/include/rclcpp/rclcpp/executor_options.hpp:20[m[K,
[29.258s]                  from [01m[K/opt/ros/humble/include/rclcpp/rclcpp/executor.hpp:37[m[K,
[29.258s]                  from [01m[K/opt/ros/humble/include/rclcpp/rclcpp/executors/multi_threaded_executor.hpp:25[m[K,
[29.259s]                  from [01m[K/opt/ros/humble/include/rclcpp/rclcpp/executors.hpp:21[m[K,
[29.259s]                  from [01m[K/opt/ros/humble/include/rclcpp/rclcpp/rclcpp.hpp:155[m[K,
[29.262s]                  from [01m[K/home/naveen/bat_robot/src/batrobot_alexa/src/task_server.cpp:1[m[K:
[29.263s] [01m[K/home/naveen/bat_robot/src/batrobot_alexa/src/task_server.cpp:[m[K In member function â€˜[01m[Krclcpp_action::GoalResponse batrobot_remote::TaskServer::goalCallback(...)[m[Kâ€™:
[29.263s] [01m[K/home/naveen/bat_robot/src/batrobot_alexa/src/task_server.cpp:36:67:[m[K [01;31m[Kerror: [m[Kâ€˜[01m[Kgoal[m[Kâ€™ was not declared in this scope
[29.263s]    36 |     RCLCPP_INFO(get_logger(), "Received goal request with id %d", [01;31m[Kgoal[m[K->task_number);
[29.263s]       |                                                                   [01;31m[K^~~~[m[K
[29.295s] [01m[K/home/naveen/bat_robot/src/batrobot_alexa/src/task_server.cpp:[m[K In member function â€˜[01m[Krclcpp_action::CancelResponse batrobot_remote::TaskServer::cancelCallback(...)[m[Kâ€™:
[29.295s] [01m[K/home/naveen/bat_robot/src/batrobot_alexa/src/task_server.cpp:44:11:[m[K [01;31m[Kerror: [m[Kâ€˜[01m[Kgoal_handle[m[Kâ€™ was not declared in this scope
[29.296s]    44 |     (void)[01;31m[Kgoal_handle[m[K;
[29.296s]       |           [01;31m[K^~~~~~~~~~~[m[K
[29.323s] [01m[K/home/naveen/bat_robot/src/batrobot_alexa/src/task_server.cpp:[m[K In member function â€˜[01m[Kvoid batrobot_remote::TaskServer::acceptedCallback(...)[m[Kâ€™:
[29.324s] [01m[K/home/naveen/bat_robot/src/batrobot_alexa/src/task_server.cpp:59:61:[m[K [01;31m[Kerror: [m[Kâ€˜[01m[Kgoal_handle[m[Kâ€™ was not declared in this scope
[29.326s]    59 |     std::thread{ std::bind(&TaskServer::execute, this, _1), [01;31m[Kgoal_handle[m[K }.detach();
[29.326s]       |                                                             [01;31m[K^~~~~~~~~~~[m[K
[29.326s] [01m[K/home/naveen/bat_robot/src/batrobot_alexa/src/task_server.cpp:59:73:[m[K [01;31m[Kerror: [m[Kno matching function for call to â€˜[01m[Kstd::thread::thread(<brace-enclosed initializer list>)[m[Kâ€™
[29.326s]    59 |     std::thread{ std::bind(&TaskServer::execute, this, _1), goal_handle [01;31m[K}[m[K.detach();
[29.326s]       |                                                                         [01;31m[K^[m[K
[29.327s] In file included from [01m[K/usr/include/c++/11/future:48[m[K,
[29.327s]                  from [01m[K/opt/ros/humble/include/rclcpp/rclcpp/executors.hpp:18[m[K,
[29.327s]                  from [01m[K/opt/ros/humble/include/rclcpp/rclcpp/rclcpp.hpp:155[m[K,
[29.327s]                  from [01m[K/home/naveen/bat_robot/src/batrobot_alexa/src/task_server.cpp:1[m[K:
[29.327s] [01m[K/usr/include/c++/11/bits/std_thread.h:127:7:[m[K [01;36m[Knote: [m[Kcandidate: â€˜[01m[Ktemplate<class _Callable, class ... _Args, class> std::thread::thread(_Callable&&, _Args&& ...)[m[Kâ€™
[29.327s]   127 |       [01;36m[Kthread[m[K(_Callable&& __f, _Args&&... __args)
[29.328s]       |       [01;36m[K^~~~~~[m[K
[29.328s] [01m[K/usr/include/c++/11/bits/std_thread.h:127:7:[m[K [01;36m[Knote: [m[K  template argument deduction/substitution failed:
[29.328s] [01m[K/usr/include/c++/11/bits/std_thread.h:157:5:[m[K [01;36m[Knote: [m[Kcandidate: â€˜[01m[Kstd::thread::thread(std::thread&&)[m[Kâ€™
[29.328s]   157 |     [01;36m[Kthread[m[K(thread&& __t) noexcept
[29.328s]       |     [01;36m[K^~~~~~[m[K
[29.330s] [01m[K/usr/include/c++/11/bits/std_thread.h:157:5:[m[K [01;36m[Knote: [m[K  candidate expects 1 argument, 2 provided
[29.330s] [01m[K/usr/include/c++/11/bits/std_thread.h:121:5:[m[K [01;36m[Knote: [m[Kcandidate: â€˜[01m[Kstd::thread::thread()[m[Kâ€™
[29.331s]   121 |     [01;36m[Kthread[m[K() noexcept = default;
[29.332s]       |     [01;36m[K^~~~~~[m[K
[29.333s] [01m[K/usr/include/c++/11/bits/std_thread.h:121:5:[m[K [01;36m[Knote: [m[K  candidate expects 0 arguments, 2 provided
[29.356s] [01m[K/home/naveen/bat_robot/src/batrobot_alexa/src/task_server.cpp:[m[K In member function â€˜[01m[Kvoid batrobot_remote::TaskServer::execute(...)[m[Kâ€™:
[29.359s] [01m[K/home/naveen/bat_robot/src/batrobot_alexa/src/task_server.cpp:65:36:[m[K [01;31m[Kerror: [m[Kâ€˜[01m[Kbatrobot[m[Kâ€™ was not declared in this scope
[29.360s]    65 |     auto result = std::make_shared<[01;31m[Kbatrobot[m[K::action::BatrobotTask::Result>();
[29.360s]       |                                    [01;31m[K^~~~~~~~[m[K
[29.360s] [01m[K/home/naveen/bat_robot/src/batrobot_alexa/src/task_server.cpp:65:24:[m[K [01;31m[Kerror: [m[Kparse error in template argument list
[29.361s]    65 |     auto result = std::[01;31m[Kmake_shared<batrobot::action::BatrobotTask::Result>[m[K();
[29.361s]       |                        [01;31m[K^~~~~~~~~~~~~~~~~~~~~~~~~~~~~~~~~~~~~~~~~~~~~~~~~~~[m[K
[29.368s] [01m[K/home/naveen/bat_robot/src/batrobot_alexa/src/task_server.cpp:65:75:[m[K [01;31m[Kerror: [m[Kno matching function for call to â€˜[01m[Kmake_shared<<expression error> >()[m[Kâ€™
[29.368s]    65 |     auto result = [01;31m[Kstd::make_shared<batrobot::action::BatrobotTask::Result>()[m[K;
[29.368s]       |                   [01;31m[K~~~~~~~~~~~~~~~~~~~~~~~~~~~~~~~~~~~~~~~~~~~~~~~~~~~~~~~~^~[m[K
[29.372s] In file included from [01m[K/usr/include/c++/11/memory:77[m[K,
[29.372s]                  from [01m[K/opt/ros/humble/include/rclcpp/rclcpp/rclcpp.hpp:153[m[K,
[29.373s]                  from [01m[K/home/naveen/bat_robot/src/batrobot_alexa/src/task_server.cpp:1[m[K:
[29.373s] [01m[K/usr/include/c++/11/bits/shared_ptr.h:875:5:[m[K [01;36m[Knote: [m[Kcandidate: â€˜[01m[Ktemplate<class _Tp, class ... _Args> std::shared_ptr<_Tp> std::make_shared(_Args&& ...)[m[Kâ€™
[29.375s]   875 |     [01;36m[Kmake_shared[m[K(_Args&&... __args)
[29.375s]       |     [01;36m[K^~~~~~~~~~~[m[K
[29.375s] [01m[K/usr/include/c++/11/bits/shared_ptr.h:875:5:[m[K [01;36m[Knote: [m[K  template argument deduction/substitution failed:
[29.375s] [01m[K/home/naveen/bat_robot/src/batrobot_alexa/src/task_server.cpp:65:75:[m[K [01;31m[Kerror: [m[Ktemplate argument 1 is invalid
[29.376s]    65 |     auto result = [01;31m[Kstd::make_shared<batrobot::action::BatrobotTask::Result>()[m[K;
[29.376s]       |                   [01;31m[K~~~~~~~~~~~~~~~~~~~~~~~~~~~~~~~~~~~~~~~~~~~~~~~~~~~~~~~~^~[m[K
[29.390s] [01m[K/home/naveen/bat_robot/src/batrobot_alexa/src/task_server.cpp:75:9:[m[K [01;31m[Kerror: [m[Kâ€˜[01m[Kgoal_handle[m[Kâ€™ was not declared in this scope
[29.393s]    75 |     if ([01;31m[Kgoal_handle[m[K->get_goal()->task_number == 0)
[29.396s]       |         [01;31m[K^~~~~~~~~~~[m[K
[29.436s] [01m[K/home/naveen/bat_robot/src/batrobot_alexa/src/task_server.cpp:126:5:[m[K [01;31m[Kerror: [m[Kâ€˜[01m[Kgoal_handle[m[Kâ€™ was not declared in this scope
[29.436s]   126 |     [01;31m[Kgoal_handle[m[K->succeed(result);
[29.437s]       |     [01;31m[K^~~~~~~~~~~[m[K
[29.473s] In file included from [01m[K/opt/ros/humble/include/class_loader/class_loader/class_loader.hpp:56[m[K,
[29.473s]                  from [01m[K/opt/ros/humble/include/rclcpp_components/rclcpp_components/register_node_macro.hpp:18[m[K,
[29.474s]                  from [01m[K/home/naveen/bat_robot/src/batrobot_alexa/src/task_server.cpp:3[m[K:
[29.479s] [01m[K/home/naveen/bat_robot/src/batrobot_alexa/src/task_server.cpp:[m[K At global scope:
[29.480s] [01m[K/home/naveen/bat_robot/src/batrobot_alexa/src/task_server.cpp:132:33:[m[K [01;31m[Kerror: [m[Kâ€˜[01m[Kbatrobot_alexa[m[Kâ€™ was not declared in this scope
[29.480s]   132 | RCLCPP_COMPONENTS_REGISTER_NODE([01;31m[Kbatrobot_alexa[m[K::TaskServer)
[29.481s]       |                                 [01;31m[K^~~~~~~~~~~~~~[m[K
[29.481s] [01m[K/home/naveen/bat_robot/src/batrobot_alexa/src/task_server.cpp:132:1:[m[K [01;31m[Kerror: [m[Ktemplate argument 1 is invalid
[29.483s]   132 | [01;31m[KRCLCPP_COMPONENTS_REGISTER_NODE[m[K(batrobot_alexa::TaskServer)
[29.484s]       | [01;31m[K^~~~~~~~~~~~~~~~~~~~~~~~~~~~~~~[m[K
[37.151s] In file included from [01m[K/opt/ros/humble/include/class_loader/class_loader/class_loader_core.hpp:57[m[K,
[37.152s]                  from [01m[K/opt/ros/humble/include/class_loader/class_loader/class_loader.hpp:55[m[K,
[37.154s]                  from [01m[K/opt/ros/humble/include/rclcpp_components/rclcpp_components/register_node_macro.hpp:18[m[K,
[37.157s]                  from [01m[K/home/naveen/bat_robot/src/batrobot_alexa/src/task_server.cpp:3[m[K:
[37.157s] /opt/ros/humble/include/class_loader/class_loader/meta_object.hpp: In instantiation of â€˜[01m[KB* class_loader::impl::MetaObject<C, B>::create() const [with C = int; B = rclcpp_components::NodeFactory][m[Kâ€™:
[37.158s] [01m[K/opt/ros/humble/include/class_loader/class_loader/meta_object.hpp:216:7:[m[K   required from here
[37.158s] [01m[K/opt/ros/humble/include/class_loader/class_loader/meta_object.hpp:218:12:[m[K [01;31m[Kerror: [m[Kcannot convert â€˜[01m[Kint*[m[Kâ€™ to â€˜[01m[Krclcpp_components::NodeFactory*[m[Kâ€™ in return
[37.158s]   218 |     return [01;31m[Knew C[m[K;
[37.159s]       |            [01;31m[K^~~~~[m[K
[37.169s]       |            [01;31m[K|[m[K
[37.170s]       |            [01;31m[Kint*[m[K
[37.511s] gmake[2]: *** [CMakeFiles/task_server.dir/build.make:76: CMakeFiles/task_server.dir/src/task_server.cpp.o] Error 1
[37.513s] gmake[1]: *** [CMakeFiles/Makefile2:142: CMakeFiles/task_server.dir/all] Error 2
[37.513s] gmake: *** [Makefile:146: all] Error 2
[37.521s] Invoked command in '/home/naveen/bat_robot/build/batrobot_alexa' returned '2': AMENT_PREFIX_PATH=/home/naveen/bat_robot/install/batrobot_moveit:/home/naveen/bat_robot/install/batrobot_controller:/home/naveen/bat_robot/install/batrobot_msgs:/home/naveen/bat_robot/install/batrobot_description:${AMENT_PREFIX_PATH} CMAKE_PREFIX_PATH=/home/naveen/bat_robot/install/batrobot_moveit:/home/naveen/bat_robot/install/batrobot_controller:/home/naveen/bat_robot/install/batrobot_msgs:/home/naveen/bat_robot/install/batrobot_description:/home/naveen/roarm_ws_em0/install/ros2web_interfaces:/home/naveen/roarm_ws_em0/install/roarm_msgs:/home/naveen/roarm_ws_em0/install/roarm_moveit_ikfast_plugins:/home/naveen/roarm_ws_em0/install/roarm_moveit_cmd:/home/naveen/roarm_ws_em0/install/roarm_moveit:/home/naveen/roarm_ws_em0/install/roarm_description:/home/naveen/roarm_ws_em0/install/moveit_servo:/home/naveen/roarm_ws_em0/install/alexa_integration:/home/naveen/roarm_ws_em0/install/ros2web_widgets:/home/naveen/roarm_ws_em0/install/ros2web_example_py:/home/naveen/roarm_ws_em0/install/roarm_web_app:/home/naveen/roarm_ws_em0/install/ros2web_app:/home/naveen/roarm_ws_em0/install/ros2web:/home/naveen/roarm_ws_em0/install/roarm_driver:/home/naveen/roarm_ws_em0/install/launch_api:/opt/ros/humble LD_LIBRARY_PATH=/home/naveen/bat_robot/install/batrobot_controller/lib:/home/naveen/bat_robot/install/batrobot_msgs/lib:${LD_LIBRARY_PATH} PYTHONPATH=/home/naveen/bat_robot/install/batrobot_controller/lib/python3.10/site-packages:/home/naveen/bat_robot/install/batrobot_msgs/local/lib/python3.10/dist-packages:${PYTHONPATH} /usr/bin/cmake --build /home/naveen/bat_robot/build/batrobot_alexa -- -j2 -l2
