[2.579s] Invoking command in '/home/naveen/bat_robot/build/batrobot_alexa': AMENT_PREFIX_PATH=/home/naveen/bat_robot/install/batrobot_moveit:/home/naveen/bat_robot/install/batrobot_controller:/home/naveen/bat_robot/install/batrobot_msgs:/home/naveen/bat_robot/install/batrobot_description:${AMENT_PREFIX_PATH} CMAKE_PREFIX_PATH=/home/naveen/bat_robot/install/batrobot_moveit:/home/naveen/bat_robot/install/batrobot_controller:/home/naveen/bat_robot/install/batrobot_msgs:/home/naveen/bat_robot/install/batrobot_description:/home/naveen/roarm_ws_em0/install/ros2web_interfaces:/home/naveen/roarm_ws_em0/install/roarm_msgs:/home/naveen/roarm_ws_em0/install/roarm_moveit_ikfast_plugins:/home/naveen/roarm_ws_em0/install/roarm_moveit_cmd:/home/naveen/roarm_ws_em0/install/roarm_moveit:/home/naveen/roarm_ws_em0/install/roarm_description:/home/naveen/roarm_ws_em0/install/moveit_servo:/home/naveen/roarm_ws_em0/install/alexa_integration:/home/naveen/roarm_ws_em0/install/ros2web_widgets:/home/naveen/roarm_ws_em0/install/ros2web_example_py:/home/naveen/roarm_ws_em0/install/roarm_web_app:/home/naveen/roarm_ws_em0/install/ros2web_app:/home/naveen/roarm_ws_em0/install/ros2web:/home/naveen/roarm_ws_em0/install/roarm_driver:/home/naveen/roarm_ws_em0/install/launch_api:/opt/ros/humble LD_LIBRARY_PATH=/home/naveen/bat_robot/install/batrobot_controller/lib:/home/naveen/bat_robot/install/batrobot_msgs/lib:${LD_LIBRARY_PATH} PYTHONPATH=/home/naveen/bat_robot/install/batrobot_controller/lib/python3.10/site-packages:/home/naveen/bat_robot/install/batrobot_msgs/local/lib/python3.10/dist-packages:${PYTHONPATH} /usr/bin/cmake --build /home/naveen/bat_robot/build/batrobot_alexa -- -j2 -l2
[3.210s] [35m[1mConsolidate compiler generated dependencies of target task_server[0m
[3.530s] [ 25%] [32mBuilding CXX object CMakeFiles/task_server.dir/src/task_server.cpp.o[0m
[37.343s] [01m[K/home/naveen/bat_robot/src/batrobot_alexa/src/task_server.cpp:28:25:[m[K [01;31m[Kerror: [m[Kâ€˜[01m[Kbatrobot[m[Kâ€™ was not declared in this scope
[37.343s]    28 |   rclcpp_action::Server<[01;31m[Kbatrobot[m[K::action::BatrobotTask>::SharedPtr action_server_;
[37.344s]       |                         [01;31m[K^~~~~~~~[m[K
[37.349s] [01m[K/home/naveen/bat_robot/src/batrobot_alexa/src/task_server.cpp:28:55:[m[K [01;31m[Kerror: [m[Ktemplate argument 1 is invalid
[37.352s]    28 |   rclcpp_action::Server<batrobot::action::BatrobotTask[01;31m[K>[m[K::SharedPtr action_server_;
[37.352s]       |                                                       [01;31m[K^[m[K
[37.352s] [01m[K/home/naveen/bat_robot/src/batrobot_alexa/src/task_server.cpp:28:58:[m[K [01;31m[Kerror: [m[Kexpected â€˜[01m[K;[m[Kâ€™ at end of member declaration
[37.353s]    28 |   rclcpp_action::Server<batrobot::action::BatrobotTask>::[01;31m[KSharedPtr[m[K action_server_;
[37.353s]       |                                                          [01;31m[K^~~~~~~~~[m[K
[37.361s]       |                                                                   [32m[K;[m[K
[37.362s] [01m[K/home/naveen/bat_robot/src/batrobot_alexa/src/task_server.cpp:28:68:[m[K [01;31m[Kerror: [m[Kâ€˜[01m[Kaction_server_[m[Kâ€™ does not name a type; did you mean â€˜[01m[Krcl_action_server_t[m[Kâ€™?
[37.362s]    28 |   rclcpp_action::Server<batrobot::action::BatrobotTask>::SharedPtr [01;31m[Kaction_server_[m[K;
[37.362s]       |                                                                    [01;31m[K^~~~~~~~~~~~~~[m[K
[37.363s]       |                                                                    [32m[Krcl_action_server_t[m[K
[37.376s] [01m[K/home/naveen/bat_robot/src/batrobot_alexa/src/task_server.cpp:34:37:[m[K [01;31m[Kerror: [m[KISO C++ forbids declaration of â€˜[01m[Ktype name[m[Kâ€™ with no type [[01;31m[K]8;;https://gcc.gnu.org/onlinedocs/gcc/Warning-Options.html#index-fpermissive-fpermissive]8;;[m[K]
[37.381s]    34 |       std::shared_ptr<const batrobot[01;31m[K::[m[Kaction::BatrobotTask::Goal> goal)
[37.382s]       |                                     [01;31m[K^~[m[K
[37.382s] [01m[K/home/naveen/bat_robot/src/batrobot_alexa/src/task_server.cpp:34:65:[m[K [01;31m[Kerror: [m[Ktemplate argument 1 is invalid
[37.391s]    34 |       std::shared_ptr<const batrobot::action::BatrobotTask::Goal[01;31m[K>[m[K goal)
[37.392s]       |                                                                 [01;31m[K^[m[K
[37.392s] [01m[K/home/naveen/bat_robot/src/batrobot_alexa/src/task_server.cpp:34:37:[m[K [01;31m[Kerror: [m[KISO C++ forbids declaration of â€˜[01m[Ktype name[m[Kâ€™ with no type [[01;31m[K]8;;https://gcc.gnu.org/onlinedocs/gcc/Warning-Options.html#index-fpermissive-fpermissive]8;;[m[K]
[37.392s]    34 |       std::shared_ptr<const batrobot[01;31m[K::[m[Kaction::BatrobotTask::Goal> goal)
[37.392s]       |                                     [01;31m[K^~[m[K
[37.393s] [01m[K/home/naveen/bat_robot/src/batrobot_alexa/src/task_server.cpp:34:65:[m[K [01;31m[Kerror: [m[Ktemplate argument 1 is invalid
[37.393s]    34 |       std::shared_ptr<const batrobot::action::BatrobotTask::Goal[01;31m[K>[m[K goal)
[37.393s]       |                                                                 [01;31m[K^[m[K
[37.397s] [01m[K/home/naveen/bat_robot/src/batrobot_alexa/src/task_server.cpp:34:37:[m[K [01;31m[Kerror: [m[KISO C++ forbids declaration of â€˜[01m[Ktype name[m[Kâ€™ with no type [[01;31m[K]8;;https://gcc.gnu.org/onlinedocs/gcc/Warning-Options.html#index-fpermissive-fpermissive]8;;[m[K]
[37.397s]    34 |       std::shared_ptr<const batrobot[01;31m[K::[m[Kaction::BatrobotTask::Goal> goal)
[37.398s]       |                                     [01;31m[K^~[m[K
[37.398s] [01m[K/home/naveen/bat_robot/src/batrobot_alexa/src/task_server.cpp:34:65:[m[K [01;31m[Kerror: [m[Ktemplate argument 1 is invalid
[37.398s]    34 |       std::shared_ptr<const batrobot::action::BatrobotTask::Goal[01;31m[K>[m[K goal)
[37.398s]       |                                                                 [01;31m[K^[m[K
[37.399s] [01m[K/home/naveen/bat_robot/src/batrobot_alexa/src/task_server.cpp:34:7:[m[K [01;31m[Kerror: [m[Kinvalid template-id
[37.399s]    34 |       [01;31m[Kstd[m[K::shared_ptr<const batrobot::action::BatrobotTask::Goal> goal)
[37.399s]       |       [01;31m[K^~~[m[K
[37.401s] [01m[K/home/naveen/bat_robot/src/batrobot_alexa/src/task_server.cpp:34:37:[m[K [01;31m[Kerror: [m[KISO C++ forbids declaration of â€˜[01m[Ktype name[m[Kâ€™ with no type [[01;31m[K]8;;https://gcc.gnu.org/onlinedocs/gcc/Warning-Options.html#index-fpermissive-fpermissive]8;;[m[K]
[37.402s]    34 |       std::shared_ptr<const batrobot[01;31m[K::[m[Kaction::BatrobotTask::Goal> goal)
[37.402s]       |                                     [01;31m[K^~[m[K
[37.402s] [01m[K/home/naveen/bat_robot/src/batrobot_alexa/src/task_server.cpp:34:23:[m[K [01;31m[Kerror: [m[Kexpected primary-expression before â€˜[01m[Kconst[m[Kâ€™
[37.402s]    34 |       std::shared_ptr<[01;31m[Kconst[m[K batrobot::action::BatrobotTask::Goal> goal)
[37.403s]       |                       [01;31m[K^~~~~[m[K
[37.403s] [01m[K/home/naveen/bat_robot/src/batrobot_alexa/src/task_server.cpp:34:23:[m[K [01;31m[Kerror: [m[Kexpected â€˜[01m[K>[m[Kâ€™ before â€˜[01m[Kconst[m[Kâ€™
[37.405s] [01m[K/home/naveen/bat_robot/src/batrobot_alexa/src/task_server.cpp:34:7:[m[K [01;31m[Kerror: [m[Kclass template placeholder â€˜[01m[Kstd::shared_ptr[m[Kâ€™ not permitted in this context
[37.405s]    34 |       [01;31m[Kstd[m[K::shared_ptr<const batrobot::action::BatrobotTask::Goal> goal)
[37.405s]       |       [01;31m[K^~~[m[K
[37.412s] [01m[K/home/naveen/bat_robot/src/batrobot_alexa/src/task_server.cpp:42:61:[m[K [01;31m[Kerror: [m[Kâ€˜[01m[Kaatrobot[m[Kâ€™ was not declared in this scope
[37.412s]    42 |       const std::shared_ptr<rclcpp_action::ServerGoalHandle<[01;31m[Kaatrobot[m[K::action::BatrobotTask>> goal_handle)
[37.413s]       |                                                             [01;31m[K^~~~~~~~[m[K
[37.413s] [01m[K/home/naveen/bat_robot/src/batrobot_alexa/src/task_server.cpp:42:91:[m[K [01;31m[Kerror: [m[Ktemplate argument 1 is invalid
[37.415s]    42 |       const std::shared_ptr<rclcpp_action::ServerGoalHandle<aatrobot::action::BatrobotTask[01;31m[K>>[m[K goal_handle)
[37.416s]       |                                                                                           [01;31m[K^~[m[K
[37.442s] [01m[K/home/naveen/bat_robot/src/batrobot_alexa/src/task_server.cpp:42:61:[m[K [01;31m[Kerror: [m[Kâ€˜[01m[Kaatrobot[m[Kâ€™ was not declared in this scope
[37.443s]    42 |       const std::shared_ptr<rclcpp_action::ServerGoalHandle<[01;31m[Kaatrobot[m[K::action::BatrobotTask>> goal_handle)
[37.443s]       |                                                             [01;31m[K^~~~~~~~[m[K
[37.443s] [01m[K/home/naveen/bat_robot/src/batrobot_alexa/src/task_server.cpp:42:91:[m[K [01;31m[Kerror: [m[Ktemplate argument 1 is invalid
[37.443s]    42 |       const std::shared_ptr<rclcpp_action::ServerGoalHandle<aatrobot::action::BatrobotTask[01;31m[K>>[m[K goal_handle)
[37.449s]       |                                                                                           [01;31m[K^~[m[K
[37.475s] [01m[K/home/naveen/bat_robot/src/batrobot_alexa/src/task_server.cpp:42:61:[m[K [01;31m[Kerror: [m[Kâ€˜[01m[Kaatrobot[m[Kâ€™ was not declared in this scope
[37.475s]    42 |       const std::shared_ptr<rclcpp_action::ServerGoalHandle<[01;31m[Kaatrobot[m[K::action::BatrobotTask>> goal_handle)
[37.475s]       |                                                             [01;31m[K^~~~~~~~[m[K
[37.476s] [01m[K/home/naveen/bat_robot/src/batrobot_alexa/src/task_server.cpp:42:91:[m[K [01;31m[Kerror: [m[Ktemplate argument 1 is invalid
[37.476s]    42 |       const std::shared_ptr<rclcpp_action::ServerGoalHandle<aatrobot::action::BatrobotTask[01;31m[K>>[m[K goal_handle)
[37.476s]       |                                                                                           [01;31m[K^~[m[K
[37.479s] [01m[K/home/naveen/bat_robot/src/batrobot_alexa/src/task_server.cpp:42:29:[m[K [01;31m[Kerror: [m[Kinvalid template-id
[37.480s]    42 |       const std::shared_ptr<[01;31m[Krclcpp_action[m[K::ServerGoalHandle<aatrobot::action::BatrobotTask>> goal_handle)
[37.480s]       |                             [01;31m[K^~~~~~~~~~~~~[m[K
[37.503s] [01m[K/home/naveen/bat_robot/src/batrobot_alexa/src/task_server.cpp:42:61:[m[K [01;31m[Kerror: [m[Kâ€˜[01m[Kaatrobot[m[Kâ€™ was not declared in this scope
[37.503s]    42 |       const std::shared_ptr<rclcpp_action::ServerGoalHandle<[01;31m[Kaatrobot[m[K::action::BatrobotTask>> goal_handle)
[37.503s]       |                                                             [01;31m[K^~~~~~~~[m[K
[37.504s] [01m[K/home/naveen/bat_robot/src/batrobot_alexa/src/task_server.cpp:42:94:[m[K [01;31m[Kerror: [m[Ktemplate argument 1 is invalid
[37.504s]    42 |       const std::shared_ptr<rclcpp_action::ServerGoalHandle<aatrobot::action::BatrobotTask>> [01;31m[Kgoal_handle[m[K)
[37.510s]       |                                                                                              [01;31m[K^~~~~~~~~~~[m[K
[37.511s] [01m[K/home/naveen/bat_robot/src/batrobot_alexa/src/task_server.cpp:42:94:[m[K [01;31m[Kerror: [m[Ktemplate argument 1 is invalid
[37.511s] [01m[K/home/naveen/bat_robot/src/batrobot_alexa/src/task_server.cpp:42:94:[m[K [01;31m[Kerror: [m[Ktemplate argument 1 is invalid
[37.512s] [01m[K/home/naveen/bat_robot/src/batrobot_alexa/src/task_server.cpp:42:13:[m[K [01;31m[Kerror: [m[Kinvalid template-id
[37.512s]    42 |       const [01;31m[Kstd[m[K::shared_ptr<rclcpp_action::ServerGoalHandle<aatrobot::action::BatrobotTask>> goal_handle)
[37.512s]       |             [01;31m[K^~~[m[K
[37.512s] [01m[K/home/naveen/bat_robot/src/batrobot_alexa/src/task_server.cpp:42:94:[m[K [01;31m[Kerror: [m[Kmissing template arguments before â€˜[01m[Kgoal_handle[m[Kâ€™
[37.513s]    42 |       const std::shared_ptr<rclcpp_action::ServerGoalHandle<aatrobot::action::BatrobotTask>> [01;31m[Kgoal_handle[m[K)
[37.513s]       |                                                                                              [01;31m[K^~~~~~~~~~~[m[K
[37.513s] [01m[K/home/naveen/bat_robot/src/batrobot_alexa/src/task_server.cpp:42:94:[m[K [01;31m[Kerror: [m[Kexpected â€˜[01m[K>[m[Kâ€™ before â€˜[01m[Kgoal_handle[m[Kâ€™
[37.513s] [01m[K/home/naveen/bat_robot/src/batrobot_alexa/src/task_server.cpp:42:7:[m[K [01;31m[Kerror: [m[Kclass template placeholder â€˜[01m[Kstd::shared_ptr[m[Kâ€™ not permitted in this context
[37.513s]    42 |       [01;31m[Kconst[m[K std::shared_ptr<rclcpp_action::ServerGoalHandle<aatrobot::action::BatrobotTask>> goal_handle)
[37.514s]       |       [01;31m[K^~~~~[m[K
[37.531s] [01m[K/home/naveen/bat_robot/src/batrobot_alexa/src/task_server.cpp:56:61:[m[K [01;31m[Kerror: [m[Kâ€˜[01m[Kbatrobot[m[Kâ€™ was not declared in this scope
[37.532s]    56 |       const std::shared_ptr<rclcpp_action::ServerGoalHandle<[01;31m[Kbatrobot[m[K::action::BatrobotTask>> goal_handle)
[37.532s]       |                                                             [01;31m[K^~~~~~~~[m[K
[37.532s] [01m[K/home/naveen/bat_robot/src/batrobot_alexa/src/task_server.cpp:56:91:[m[K [01;31m[Kerror: [m[Ktemplate argument 1 is invalid
[37.533s]    56 |       const std::shared_ptr<rclcpp_action::ServerGoalHandle<batrobot::action::BatrobotTask[01;31m[K>>[m[K goal_handle)
[37.533s]       |                                                                                           [01;31m[K^~[m[K
[37.565s] [01m[K/home/naveen/bat_robot/src/batrobot_alexa/src/task_server.cpp:56:61:[m[K [01;31m[Kerror: [m[Kâ€˜[01m[Kbatrobot[m[Kâ€™ was not declared in this scope
[37.567s]    56 |       const std::shared_ptr<rclcpp_action::ServerGoalHandle<[01;31m[Kbatrobot[m[K::action::BatrobotTask>> goal_handle)
[37.567s]       |                                                             [01;31m[K^~~~~~~~[m[K
[37.568s] [01m[K/home/naveen/bat_robot/src/batrobot_alexa/src/task_server.cpp:56:91:[m[K [01;31m[Kerror: [m[Ktemplate argument 1 is invalid
[37.568s]    56 |       const std::shared_ptr<rclcpp_action::ServerGoalHandle<batrobot::action::BatrobotTask[01;31m[K>>[m[K goal_handle)
[37.571s]       |                                                                                           [01;31m[K^~[m[K
[37.590s] [01m[K/home/naveen/bat_robot/src/batrobot_alexa/src/task_server.cpp:56:61:[m[K [01;31m[Kerror: [m[Kâ€˜[01m[Kbatrobot[m[Kâ€™ was not declared in this scope
[37.591s]    56 |       const std::shared_ptr<rclcpp_action::ServerGoalHandle<[01;31m[Kbatrobot[m[K::action::BatrobotTask>> goal_handle)
[37.591s]       |                                                             [01;31m[K^~~~~~~~[m[K
[37.596s] [01m[K/home/naveen/bat_robot/src/batrobot_alexa/src/task_server.cpp:56:91:[m[K [01;31m[Kerror: [m[Ktemplate argument 1 is invalid
[37.597s]    56 |       const std::shared_ptr<rclcpp_action::ServerGoalHandle<batrobot::action::BatrobotTask[01;31m[K>>[m[K goal_handle)
[37.597s]       |                                                                                           [01;31m[K^~[m[K
[37.597s] [01m[K/home/naveen/bat_robot/src/batrobot_alexa/src/task_server.cpp:56:29:[m[K [01;31m[Kerror: [m[Kinvalid template-id
[37.602s]    56 |       const std::shared_ptr<[01;31m[Krclcpp_action[m[K::ServerGoalHandle<batrobot::action::BatrobotTask>> goal_handle)
[37.602s]       |                             [01;31m[K^~~~~~~~~~~~~[m[K
[37.619s] [01m[K/home/naveen/bat_robot/src/batrobot_alexa/src/task_server.cpp:56:61:[m[K [01;31m[Kerror: [m[Kâ€˜[01m[Kbatrobot[m[Kâ€™ was not declared in this scope
[37.619s]    56 |       const std::shared_ptr<rclcpp_action::ServerGoalHandle<[01;31m[Kbatrobot[m[K::action::BatrobotTask>> goal_handle)
[37.621s]       |                                                             [01;31m[K^~~~~~~~[m[K
[37.621s] [01m[K/home/naveen/bat_robot/src/batrobot_alexa/src/task_server.cpp:56:94:[m[K [01;31m[Kerror: [m[Ktemplate argument 1 is invalid
[37.622s]    56 |       const std::shared_ptr<rclcpp_action::ServerGoalHandle<batrobot::action::BatrobotTask>> [01;31m[Kgoal_handle[m[K)
[37.622s]       |                                                                                              [01;31m[K^~~~~~~~~~~[m[K
[37.622s] [01m[K/home/naveen/bat_robot/src/batrobot_alexa/src/task_server.cpp:56:94:[m[K [01;31m[Kerror: [m[Ktemplate argument 1 is invalid
[37.622s] [01m[K/home/naveen/bat_robot/src/batrobot_alexa/src/task_server.cpp:56:94:[m[K [01;31m[Kerror: [m[Ktemplate argument 1 is invalid
[37.631s] [01m[K/home/naveen/bat_robot/src/batrobot_alexa/src/task_server.cpp:56:13:[m[K [01;31m[Kerror: [m[Kinvalid template-id
[37.631s]    56 |       const [01;31m[Kstd[m[K::shared_ptr<rclcpp_action::ServerGoalHandle<batrobot::action::BatrobotTask>> goal_handle)
[37.631s]       |             [01;31m[K^~~[m[K
[37.631s] [01m[K/home/naveen/bat_robot/src/batrobot_alexa/src/task_server.cpp:56:94:[m[K [01;31m[Kerror: [m[Kmissing template arguments before â€˜[01m[Kgoal_handle[m[Kâ€™
[37.632s]    56 |       const std::shared_ptr<rclcpp_action::ServerGoalHandle<batrobot::action::BatrobotTask>> [01;31m[Kgoal_handle[m[K)
[37.634s]       |                                                                                              [01;31m[K^~~~~~~~~~~[m[K
[37.635s] [01m[K/home/naveen/bat_robot/src/batrobot_alexa/src/task_server.cpp:56:94:[m[K [01;31m[Kerror: [m[Kexpected â€˜[01m[K>[m[Kâ€™ before â€˜[01m[Kgoal_handle[m[Kâ€™
[37.635s] [01m[K/home/naveen/bat_robot/src/batrobot_alexa/src/task_server.cpp:56:7:[m[K [01;31m[Kerror: [m[Kclass template placeholder â€˜[01m[Kstd::shared_ptr[m[Kâ€™ not permitted in this context
[37.635s]    56 |       [01;31m[Kconst[m[K std::shared_ptr<rclcpp_action::ServerGoalHandle<batrobot::action::BatrobotTask>> goal_handle)
[37.636s]       |       [01;31m[K^~~~~[m[K
[37.658s] [01m[K/home/naveen/bat_robot/src/batrobot_alexa/src/task_server.cpp:62:70:[m[K [01;31m[Kerror: [m[Kâ€˜[01m[Kbatrobot[m[Kâ€™ was not declared in this scope
[37.658s]    62 |   void execute(const std::shared_ptr<rclcpp_action::ServerGoalHandle<[01;31m[Kbatrobot[m[K::action::BatrobotTask>> goal_handle)
[37.658s]       |                                                                      [01;31m[K^~~~~~~~[m[K
[37.658s] [01m[K/home/naveen/bat_robot/src/batrobot_alexa/src/task_server.cpp:62:100:[m[K [01;31m[Kerror: [m[Ktemplate argument 1 is invalid
[37.659s]    62 |   void execute(const std::shared_ptr<rclcpp_action::ServerGoalHandle<batrobot::action::BatrobotTask[01;31m[K>>[m[K goal_handle)
[37.659s]       |                                                                                                    [01;31m[K^~[m[K
[37.684s] [01m[K/home/naveen/bat_robot/src/batrobot_alexa/src/task_server.cpp:62:70:[m[K [01;31m[Kerror: [m[Kâ€˜[01m[Kbatrobot[m[Kâ€™ was not declared in this scope
[37.685s]    62 |   void execute(const std::shared_ptr<rclcpp_action::ServerGoalHandle<[01;31m[Kbatrobot[m[K::action::BatrobotTask>> goal_handle)
[37.685s]       |                                                                      [01;31m[K^~~~~~~~[m[K
[37.688s] [01m[K/home/naveen/bat_robot/src/batrobot_alexa/src/task_server.cpp:62:100:[m[K [01;31m[Kerror: [m[Ktemplate argument 1 is invalid
[37.688s]    62 |   void execute(const std::shared_ptr<rclcpp_action::ServerGoalHandle<batrobot::action::BatrobotTask[01;31m[K>>[m[K goal_handle)
[37.689s]       |                                                                                                    [01;31m[K^~[m[K
[37.714s] [01m[K/home/naveen/bat_robot/src/batrobot_alexa/src/task_server.cpp:62:70:[m[K [01;31m[Kerror: [m[Kâ€˜[01m[Kbatrobot[m[Kâ€™ was not declared in this scope
[37.720s]    62 |   void execute(const std::shared_ptr<rclcpp_action::ServerGoalHandle<[01;31m[Kbatrobot[m[K::action::BatrobotTask>> goal_handle)
[37.720s]       |                                                                      [01;31m[K^~~~~~~~[m[K
[37.721s] [01m[K/home/naveen/bat_robot/src/batrobot_alexa/src/task_server.cpp:62:100:[m[K [01;31m[Kerror: [m[Ktemplate argument 1 is invalid
[37.721s]    62 |   void execute(const std::shared_ptr<rclcpp_action::ServerGoalHandle<batrobot::action::BatrobotTask[01;31m[K>>[m[K goal_handle)
[37.726s]       |                                                                                                    [01;31m[K^~[m[K
[37.727s] [01m[K/home/naveen/bat_robot/src/batrobot_alexa/src/task_server.cpp:62:38:[m[K [01;31m[Kerror: [m[Kinvalid template-id
[37.727s]    62 |   void execute(const std::shared_ptr<[01;31m[Krclcpp_action[m[K::ServerGoalHandle<batrobot::action::BatrobotTask>> goal_handle)
[37.727s]       |                                      [01;31m[K^~~~~~~~~~~~~[m[K
[37.768s] [01m[K/home/naveen/bat_robot/src/batrobot_alexa/src/task_server.cpp:62:70:[m[K [01;31m[Kerror: [m[Kâ€˜[01m[Kbatrobot[m[Kâ€™ was not declared in this scope
[37.768s]    62 |   void execute(const std::shared_ptr<rclcpp_action::ServerGoalHandle<[01;31m[Kbatrobot[m[K::action::BatrobotTask>> goal_handle)
[37.768s]       |                                                                      [01;31m[K^~~~~~~~[m[K
[37.769s] [01m[K/home/naveen/bat_robot/src/batrobot_alexa/src/task_server.cpp:62:103:[m[K [01;31m[Kerror: [m[Ktemplate argument 1 is invalid
[37.769s]    62 |   void execute(const std::shared_ptr<rclcpp_action::ServerGoalHandle<batrobot::action::BatrobotTask>> [01;31m[Kgoal_handle[m[K)
[37.777s]       |                                                                                                       [01;31m[K^~~~~~~~~~~[m[K
[37.777s] [01m[K/home/naveen/bat_robot/src/batrobot_alexa/src/task_server.cpp:62:103:[m[K [01;31m[Kerror: [m[Ktemplate argument 1 is invalid
[37.781s] [01m[K/home/naveen/bat_robot/src/batrobot_alexa/src/task_server.cpp:62:103:[m[K [01;31m[Kerror: [m[Ktemplate argument 1 is invalid
[37.782s] [01m[K/home/naveen/bat_robot/src/batrobot_alexa/src/task_server.cpp:62:22:[m[K [01;31m[Kerror: [m[Kinvalid template-id
[37.782s]    62 |   void execute(const [01;31m[Kstd[m[K::shared_ptr<rclcpp_action::ServerGoalHandle<batrobot::action::BatrobotTask>> goal_handle)
[37.786s]       |                      [01;31m[K^~~[m[K
[37.786s] [01m[K/home/naveen/bat_robot/src/batrobot_alexa/src/task_server.cpp:62:103:[m[K [01;31m[Kerror: [m[Kmissing template arguments before â€˜[01m[Kgoal_handle[m[Kâ€™
[37.786s]    62 |   void execute(const std::shared_ptr<rclcpp_action::ServerGoalHandle<batrobot::action::BatrobotTask>> [01;31m[Kgoal_handle[m[K)
[37.787s]       |                                                                                                       [01;31m[K^~~~~~~~~~~[m[K
[37.790s] [01m[K/home/naveen/bat_robot/src/batrobot_alexa/src/task_server.cpp:62:103:[m[K [01;31m[Kerror: [m[Kexpected â€˜[01m[K>[m[Kâ€™ before â€˜[01m[Kgoal_handle[m[Kâ€™
[37.791s] [01m[K/home/naveen/bat_robot/src/batrobot_alexa/src/task_server.cpp:62:16:[m[K [01;31m[Kerror: [m[Kclass template placeholder â€˜[01m[Kstd::shared_ptr[m[Kâ€™ not permitted in this context
[37.791s]    62 |   void execute([01;31m[Kconst[m[K std::shared_ptr<rclcpp_action::ServerGoalHandle<batrobot::action::BatrobotTask>> goal_handle)
[37.791s]       |                [01;31m[K^~~~~[m[K
[37.836s] [01m[K/home/naveen/bat_robot/src/batrobot_alexa/src/task_server.cpp:[m[K In constructor â€˜[01m[Kbatrobot_alexa::TaskServer::TaskServer(const rclcpp::NodeOptions&)[m[Kâ€™:
[37.836s] [01m[K/home/naveen/bat_robot/src/batrobot_alexa/src/task_server.cpp:21:5:[m[K [01;31m[Kerror: [m[Kâ€˜[01m[Kaction_server_[m[Kâ€™ was not declared in this scope; did you mean â€˜[01m[Krcl_action_server_t[m[Kâ€™?
[37.837s]    21 |     [01;31m[Kaction_server_[m[K = rclcpp_action::create_server<aatrobot::action::BatrobotTask>(
[37.837s]       |     [01;31m[K^~~~~~~~~~~~~~[m[K
[37.838s]       |     [32m[Krcl_action_server_t[m[K
[37.871s] [01m[K/home/naveen/bat_robot/src/batrobot_alexa/src/task_server.cpp:21:51:[m[K [01;31m[Kerror: [m[Kâ€˜[01m[Kaatrobot[m[Kâ€™ was not declared in this scope
[37.872s]    21 |     action_server_ = rclcpp_action::create_server<[01;31m[Kaatrobot[m[K::action::BatrobotTask>(
[37.872s]       |                                                   [01;31m[K^~~~~~~~[m[K
[37.876s] [01m[K/home/naveen/bat_robot/src/batrobot_alexa/src/task_server.cpp:21:37:[m[K [01;31m[Kerror: [m[Kparse error in template argument list
[37.876s]    21 |     action_server_ = rclcpp_action::[01;31m[Kcreate_server<aatrobot::action::BatrobotTask>[m[K(
[37.876s]       |                                     [01;31m[K^~~~~~~~~~~~~~~~~~~~~~~~~~~~~~~~~~~~~~~~~~~~~[m[K
[37.916s] [01m[K/home/naveen/bat_robot/src/batrobot_alexa/src/task_server.cpp:21:82:[m[K [01;31m[Kerror: [m[Kno matching function for call to â€˜[01m[Kcreate_server<<expression error> >(batrobot_alexa::TaskServer*, const char [12], std::_Bind_helper<false, rclcpp_action::GoalResponse (batrobot_alexa::TaskServer::*)(...), batrobot_alexa::TaskServer*, const std::_Placeholder<1>&, const std::_Placeholder<2>&>::type, std::_Bind_helper<false, rclcpp_action::CancelResponse (batrobot_alexa::TaskServer::*)(...), batrobot_alexa::TaskServer*, const std::_Placeholder<1>&>::type, std::_Bind_helper<false, void (batrobot_alexa::TaskServer::*)(...), batrobot_alexa::TaskServer*, const std::_Placeholder<1>&>::type)[m[Kâ€™
[37.917s]    21 |     action_server_ = [01;31m[Krclcpp_action::create_server<aatrobot::action::BatrobotTask>([m[K
[37.918s]       |                      [01;31m[K~~~~~~~~~~~~~~~~~~~~~~~~~~~~~~~~~~~~~~~~~~~~~~~~~~~~~~~~~~~~^[m[K
[37.918s]    22 | [01;31m[K        this, "task_server", std::bind(&TaskServer::goalCallback, this, _1, _2),[m[K
[37.919s]       |         [01;31m[K~~~~~~~~~~~~~~~~~~~~~~~~~~~~~~~~~~~~~~~~~~~~~~~~~~~~~~~~~~~~~~~~~~~~~~~~[m[K  
[37.919s]    23 | [01;31m[K        std::bind(&TaskServer::cancelCallback, this, _1),[m[K
[37.926s]       |         [01;31m[K~~~~~~~~~~~~~~~~~~~~~~~~~~~~~~~~~~~~~~~~~~~~~~~~~[m[K                         
[37.927s]    24 | [01;31m[K        std::bind(&TaskServer::acceptedCallback, this, _1))[m[K;
[37.927s]       |         [01;31m[K~~~~~~~~~~~~~~~~~~~~~~~~~~~~~~~~~~~~~~~~~~~~~~~~~~~[m[K                       
[37.927s] In file included from [01m[K/opt/ros/humble/include/rclcpp_action/rclcpp_action/rclcpp_action.hpp:39[m[K,
[37.927s]                  from [01m[K/home/naveen/bat_robot/src/batrobot_alexa/src/task_server.cpp:2[m[K:
[37.928s] [01m[K/opt/ros/humble/include/rclcpp_action/rclcpp_action/create_server.hpp:58:1:[m[K [01;36m[Knote: [m[Kcandidate: â€˜[01m[Ktemplate<class ActionT> typename rclcpp_action::Server<ActionT>::SharedPtr rclcpp_action::create_server(rclcpp::node_interfaces::NodeBaseInterface::SharedPtr, rclcpp::node_interfaces::NodeClockInterface::SharedPtr, rclcpp::node_interfaces::NodeLoggingInterface::SharedPtr, rclcpp::node_interfaces::NodeWaitablesInterface::SharedPtr, const string&, typename rclcpp_action::Server<ActionT>::GoalCallback, typename rclcpp_action::Server<ActionT>::CancelCallback, typename rclcpp_action::Server<ActionT>::AcceptedCallback, const rcl_action_server_options_t&, rclcpp::CallbackGroup::SharedPtr)[m[Kâ€™
[37.928s]    58 | [01;36m[Kcreate_server[m[K(
[37.932s]       | [01;36m[K^~~~~~~~~~~~~[m[K
[37.936s] [01m[K/opt/ros/humble/include/rclcpp_action/rclcpp_action/create_server.hpp:58:1:[m[K [01;36m[Knote: [m[K  template argument deduction/substitution failed:
[37.936s] [01m[K/home/naveen/bat_robot/src/batrobot_alexa/src/task_server.cpp:21:82:[m[K [01;31m[Kerror: [m[Ktemplate argument 1 is invalid
[37.937s]    21 |     action_server_ = [01;31m[Krclcpp_action::create_server<aatrobot::action::BatrobotTask>([m[K
[37.937s]       |                      [01;31m[K~~~~~~~~~~~~~~~~~~~~~~~~~~~~~~~~~~~~~~~~~~~~~~~~~~~~~~~~~~~~^[m[K
[37.944s]    22 | [01;31m[K        this, "task_server", std::bind(&TaskServer::goalCallback, this, _1, _2),[m[K
[37.944s]       |         [01;31m[K~~~~~~~~~~~~~~~~~~~~~~~~~~~~~~~~~~~~~~~~~~~~~~~~~~~~~~~~~~~~~~~~~~~~~~~~[m[K  
[37.944s]    23 | [01;31m[K        std::bind(&TaskServer::cancelCallback, this, _1),[m[K
[37.944s]       |         [01;31m[K~~~~~~~~~~~~~~~~~~~~~~~~~~~~~~~~~~~~~~~~~~~~~~~~~[m[K                         
[37.945s]    24 | [01;31m[K        std::bind(&TaskServer::acceptedCallback, this, _1))[m[K;
[37.945s]       |         [01;31m[K~~~~~~~~~~~~~~~~~~~~~~~~~~~~~~~~~~~~~~~~~~~~~~~~~~~[m[K                       
[37.949s] In file included from [01m[K/opt/ros/humble/include/rclcpp_action/rclcpp_action/rclcpp_action.hpp:39[m[K,
[37.950s]                  from [01m[K/home/naveen/bat_robot/src/batrobot_alexa/src/task_server.cpp:2[m[K:
[37.950s] [01m[K/opt/ros/humble/include/rclcpp_action/rclcpp_action/create_server.hpp:132:1:[m[K [01;36m[Knote: [m[Kcandidate: â€˜[01m[Ktemplate<class ActionT, class NodeT> typename rclcpp_action::Server<ActionT>::SharedPtr rclcpp_action::create_server(NodeT, const string&, typename rclcpp_action::Server<ActionT>::GoalCallback, typename rclcpp_action::Server<ActionT>::CancelCallback, typename rclcpp_action::Server<ActionT>::AcceptedCallback, const rcl_action_server_options_t&, rclcpp::CallbackGroup::SharedPtr)[m[Kâ€™
[37.950s]   132 | [01;36m[Kcreate_server[m[K(
[37.950s]       | [01;36m[K^~~~~~~~~~~~~[m[K
[37.951s] [01m[K/opt/ros/humble/include/rclcpp_action/rclcpp_action/create_server.hpp:132:1:[m[K [01;36m[Knote: [m[K  template argument deduction/substitution failed:
[37.951s] [01m[K/home/naveen/bat_robot/src/batrobot_alexa/src/task_server.cpp:21:82:[m[K [01;31m[Kerror: [m[Ktemplate argument 1 is invalid
[37.951s]    21 |     action_server_ = [01;31m[Krclcpp_action::create_server<aatrobot::action::BatrobotTask>([m[K
[37.956s]       |                      [01;31m[K~~~~~~~~~~~~~~~~~~~~~~~~~~~~~~~~~~~~~~~~~~~~~~~~~~~~~~~~~~~~^[m[K
[37.958s]    22 | [01;31m[K        this, "task_server", std::bind(&TaskServer::goalCallback, this, _1, _2),[m[K
[37.959s]       |         [01;31m[K~~~~~~~~~~~~~~~~~~~~~~~~~~~~~~~~~~~~~~~~~~~~~~~~~~~~~~~~~~~~~~~~~~~~~~~~[m[K  
[37.960s]    23 | [01;31m[K        std::bind(&TaskServer::cancelCallback, this, _1),[m[K
[37.960s]       |         [01;31m[K~~~~~~~~~~~~~~~~~~~~~~~~~~~~~~~~~~~~~~~~~~~~~~~~~[m[K                         
[37.965s]    24 | [01;31m[K        std::bind(&TaskServer::acceptedCallback, this, _1))[m[K;
[37.965s]       |         [01;31m[K~~~~~~~~~~~~~~~~~~~~~~~~~~~~~~~~~~~~~~~~~~~~~~~~~~~[m[K                       
[37.966s] In file included from [01m[K/opt/ros/humble/include/rclcpp/rclcpp/logging.hpp:24[m[K,
[37.966s]                  from [01m[K/opt/ros/humble/include/rclcpp/rclcpp/client.hpp:40[m[K,
[37.966s]                  from [01m[K/opt/ros/humble/include/rclcpp/rclcpp/callback_group.hpp:24[m[K,
[37.969s]                  from [01m[K/opt/ros/humble/include/rclcpp/rclcpp/any_executable.hpp:20[m[K,
[37.970s]                  from [01m[K/opt/ros/humble/include/rclcpp/rclcpp/memory_strategy.hpp:25[m[K,
[37.970s]                  from [01m[K/opt/ros/humble/include/rclcpp/rclcpp/memory_strategies.hpp:18[m[K,
[37.970s]                  from [01m[K/opt/ros/humble/include/rclcpp/rclcpp/executor_options.hpp:20[m[K,
[37.970s]                  from [01m[K/opt/ros/humble/include/rclcpp/rclcpp/executor.hpp:37[m[K,
[37.971s]                  from [01m[K/opt/ros/humble/include/rclcpp/rclcpp/executors/multi_threaded_executor.hpp:25[m[K,
[37.971s]                  from [01m[K/opt/ros/humble/include/rclcpp/rclcpp/executors.hpp:21[m[K,
[37.974s]                  from [01m[K/opt/ros/humble/include/rclcpp/rclcpp/rclcpp.hpp:155[m[K,
[37.974s]                  from [01m[K/home/naveen/bat_robot/src/batrobot_alexa/src/task_server.cpp:1[m[K:
[37.974s] [01m[K/home/naveen/bat_robot/src/batrobot_alexa/src/task_server.cpp:[m[K In member function â€˜[01m[Krclcpp_action::GoalResponse batrobot_alexa::TaskServer::goalCallback(...)[m[Kâ€™:
[37.975s] [01m[K/home/naveen/bat_robot/src/batrobot_alexa/src/task_server.cpp:36:67:[m[K [01;31m[Kerror: [m[Kâ€˜[01m[Kgoal[m[Kâ€™ was not declared in this scope
[37.975s]    36 |     RCLCPP_INFO(get_logger(), "Received goal request with id %d", [01;31m[Kgoal[m[K->task_number);
[37.976s]       |                                                                   [01;31m[K^~~~[m[K
[37.986s] [01m[K/home/naveen/bat_robot/src/batrobot_alexa/src/task_server.cpp:[m[K In member function â€˜[01m[Krclcpp_action::CancelResponse batrobot_alexa::TaskServer::cancelCallback(...)[m[Kâ€™:
[37.987s] [01m[K/home/naveen/bat_robot/src/batrobot_alexa/src/task_server.cpp:44:11:[m[K [01;31m[Kerror: [m[Kâ€˜[01m[Kgoal_handle[m[Kâ€™ was not declared in this scope
[37.988s]    44 |     (void)[01;31m[Kgoal_handle[m[K;
[37.988s]       |           [01;31m[K^~~~~~~~~~~[m[K
[38.020s] [01m[K/home/naveen/bat_robot/src/batrobot_alexa/src/task_server.cpp:[m[K In member function â€˜[01m[Kvoid batrobot_alexa::TaskServer::acceptedCallback(...)[m[Kâ€™:
[38.020s] [01m[K/home/naveen/bat_robot/src/batrobot_alexa/src/task_server.cpp:59:61:[m[K [01;31m[Kerror: [m[Kâ€˜[01m[Kgoal_handle[m[Kâ€™ was not declared in this scope
[38.020s]    59 |     std::thread{ std::bind(&TaskServer::execute, this, _1), [01;31m[Kgoal_handle[m[K }.detach();
[38.020s]       |                                                             [01;31m[K^~~~~~~~~~~[m[K
[38.023s] [01m[K/home/naveen/bat_robot/src/batrobot_alexa/src/task_server.cpp:59:73:[m[K [01;31m[Kerror: [m[Kno matching function for call to â€˜[01m[Kstd::thread::thread(<brace-enclosed initializer list>)[m[Kâ€™
[38.023s]    59 |     std::thread{ std::bind(&TaskServer::execute, this, _1), goal_handle [01;31m[K}[m[K.detach();
[38.023s]       |                                                                         [01;31m[K^[m[K
[38.024s] In file included from [01m[K/usr/include/c++/11/future:48[m[K,
[38.024s]                  from [01m[K/opt/ros/humble/include/rclcpp/rclcpp/executors.hpp:18[m[K,
[38.024s]                  from [01m[K/opt/ros/humble/include/rclcpp/rclcpp/rclcpp.hpp:155[m[K,
[38.024s]                  from [01m[K/home/naveen/bat_robot/src/batrobot_alexa/src/task_server.cpp:1[m[K:
[38.025s] [01m[K/usr/include/c++/11/bits/std_thread.h:127:7:[m[K [01;36m[Knote: [m[Kcandidate: â€˜[01m[Ktemplate<class _Callable, class ... _Args, class> std::thread::thread(_Callable&&, _Args&& ...)[m[Kâ€™
[38.025s]   127 |       [01;36m[Kthread[m[K(_Callable&& __f, _Args&&... __args)
[38.025s]       |       [01;36m[K^~~~~~[m[K
[38.028s] [01m[K/usr/include/c++/11/bits/std_thread.h:127:7:[m[K [01;36m[Knote: [m[K  template argument deduction/substitution failed:
[38.028s] [01m[K/usr/include/c++/11/bits/std_thread.h:157:5:[m[K [01;36m[Knote: [m[Kcandidate: â€˜[01m[Kstd::thread::thread(std::thread&&)[m[Kâ€™
[38.028s]   157 |     [01;36m[Kthread[m[K(thread&& __t) noexcept
[38.028s]       |     [01;36m[K^~~~~~[m[K
[38.029s] [01m[K/usr/include/c++/11/bits/std_thread.h:157:5:[m[K [01;36m[Knote: [m[K  candidate expects 1 argument, 2 provided
[38.029s] [01m[K/usr/include/c++/11/bits/std_thread.h:121:5:[m[K [01;36m[Knote: [m[Kcandidate: â€˜[01m[Kstd::thread::thread()[m[Kâ€™
[38.029s]   121 |     [01;36m[Kthread[m[K() noexcept = default;
[38.031s]       |     [01;36m[K^~~~~~[m[K
[38.032s] [01m[K/usr/include/c++/11/bits/std_thread.h:121:5:[m[K [01;36m[Knote: [m[K  candidate expects 0 arguments, 2 provided
[38.063s] [01m[K/home/naveen/bat_robot/src/batrobot_alexa/src/task_server.cpp:[m[K In member function â€˜[01m[Kvoid batrobot_alexa::TaskServer::execute(...)[m[Kâ€™:
[38.064s] [01m[K/home/naveen/bat_robot/src/batrobot_alexa/src/task_server.cpp:65:36:[m[K [01;31m[Kerror: [m[Kâ€˜[01m[Kbatrobot[m[Kâ€™ was not declared in this scope
[38.064s]    65 |     auto result = std::make_shared<[01;31m[Kbatrobot[m[K::action::BatrobotTask::Result>();
[38.064s]       |                                    [01;31m[K^~~~~~~~[m[K
[38.067s] [01m[K/home/naveen/bat_robot/src/batrobot_alexa/src/task_server.cpp:65:24:[m[K [01;31m[Kerror: [m[Kparse error in template argument list
[38.068s]    65 |     auto result = std::[01;31m[Kmake_shared<batrobot::action::BatrobotTask::Result>[m[K();
[38.068s]       |                        [01;31m[K^~~~~~~~~~~~~~~~~~~~~~~~~~~~~~~~~~~~~~~~~~~~~~~~~~~[m[K
[38.069s] [01m[K/home/naveen/bat_robot/src/batrobot_alexa/src/task_server.cpp:65:75:[m[K [01;31m[Kerror: [m[Kno matching function for call to â€˜[01m[Kmake_shared<<expression error> >()[m[Kâ€™
[38.069s]    65 |     auto result = [01;31m[Kstd::make_shared<batrobot::action::BatrobotTask::Result>()[m[K;
[38.073s]       |                   [01;31m[K~~~~~~~~~~~~~~~~~~~~~~~~~~~~~~~~~~~~~~~~~~~~~~~~~~~~~~~~^~[m[K
[38.074s] In file included from [01m[K/usr/include/c++/11/memory:77[m[K,
[38.074s]                  from [01m[K/opt/ros/humble/include/rclcpp/rclcpp/rclcpp.hpp:153[m[K,
[38.074s]                  from [01m[K/home/naveen/bat_robot/src/batrobot_alexa/src/task_server.cpp:1[m[K:
[38.075s] [01m[K/usr/include/c++/11/bits/shared_ptr.h:875:5:[m[K [01;36m[Knote: [m[Kcandidate: â€˜[01m[Ktemplate<class _Tp, class ... _Args> std::shared_ptr<_Tp> std::make_shared(_Args&& ...)[m[Kâ€™
[38.075s]   875 |     [01;36m[Kmake_shared[m[K(_Args&&... __args)
[38.078s]       |     [01;36m[K^~~~~~~~~~~[m[K
[38.079s] [01m[K/usr/include/c++/11/bits/shared_ptr.h:875:5:[m[K [01;36m[Knote: [m[K  template argument deduction/substitution failed:
[38.079s] [01m[K/home/naveen/bat_robot/src/batrobot_alexa/src/task_server.cpp:65:75:[m[K [01;31m[Kerror: [m[Ktemplate argument 1 is invalid
[38.081s]    65 |     auto result = [01;31m[Kstd::make_shared<batrobot::action::BatrobotTask::Result>()[m[K;
[38.081s]       |                   [01;31m[K~~~~~~~~~~~~~~~~~~~~~~~~~~~~~~~~~~~~~~~~~~~~~~~~~~~~~~~~^~[m[K
[38.119s] [01m[K/home/naveen/bat_robot/src/batrobot_alexa/src/task_server.cpp:75:9:[m[K [01;31m[Kerror: [m[Kâ€˜[01m[Kgoal_handle[m[Kâ€™ was not declared in this scope
[38.120s]    75 |     if ([01;31m[Kgoal_handle[m[K->get_goal()->task_number == 0)
[38.120s]       |         [01;31m[K^~~~~~~~~~~[m[K
[38.166s] [01m[K/home/naveen/bat_robot/src/batrobot_alexa/src/task_server.cpp:126:5:[m[K [01;31m[Kerror: [m[Kâ€˜[01m[Kgoal_handle[m[Kâ€™ was not declared in this scope
[38.166s]   126 |     [01;31m[Kgoal_handle[m[K->succeed(result);
[38.166s]       |     [01;31m[K^~~~~~~~~~~[m[K
[47.014s] gmake[2]: *** [CMakeFiles/task_server.dir/build.make:76: CMakeFiles/task_server.dir/src/task_server.cpp.o] Error 1
[47.015s] gmake[1]: *** [CMakeFiles/Makefile2:142: CMakeFiles/task_server.dir/all] Error 2
[47.016s] gmake: *** [Makefile:146: all] Error 2
[47.026s] Invoked command in '/home/naveen/bat_robot/build/batrobot_alexa' returned '2': AMENT_PREFIX_PATH=/home/naveen/bat_robot/install/batrobot_moveit:/home/naveen/bat_robot/install/batrobot_controller:/home/naveen/bat_robot/install/batrobot_msgs:/home/naveen/bat_robot/install/batrobot_description:${AMENT_PREFIX_PATH} CMAKE_PREFIX_PATH=/home/naveen/bat_robot/install/batrobot_moveit:/home/naveen/bat_robot/install/batrobot_controller:/home/naveen/bat_robot/install/batrobot_msgs:/home/naveen/bat_robot/install/batrobot_description:/home/naveen/roarm_ws_em0/install/ros2web_interfaces:/home/naveen/roarm_ws_em0/install/roarm_msgs:/home/naveen/roarm_ws_em0/install/roarm_moveit_ikfast_plugins:/home/naveen/roarm_ws_em0/install/roarm_moveit_cmd:/home/naveen/roarm_ws_em0/install/roarm_moveit:/home/naveen/roarm_ws_em0/install/roarm_description:/home/naveen/roarm_ws_em0/install/moveit_servo:/home/naveen/roarm_ws_em0/install/alexa_integration:/home/naveen/roarm_ws_em0/install/ros2web_widgets:/home/naveen/roarm_ws_em0/install/ros2web_example_py:/home/naveen/roarm_ws_em0/install/roarm_web_app:/home/naveen/roarm_ws_em0/install/ros2web_app:/home/naveen/roarm_ws_em0/install/ros2web:/home/naveen/roarm_ws_em0/install/roarm_driver:/home/naveen/roarm_ws_em0/install/launch_api:/opt/ros/humble LD_LIBRARY_PATH=/home/naveen/bat_robot/install/batrobot_controller/lib:/home/naveen/bat_robot/install/batrobot_msgs/lib:${LD_LIBRARY_PATH} PYTHONPATH=/home/naveen/bat_robot/install/batrobot_controller/lib/python3.10/site-packages:/home/naveen/bat_robot/install/batrobot_msgs/local/lib/python3.10/dist-packages:${PYTHONPATH} /usr/bin/cmake --build /home/naveen/bat_robot/build/batrobot_alexa -- -j2 -l2
