[0.075s] Invoking command in '/home/naveen/bat_robot/build/batrobot_moveit': /usr/bin/cmake --build /home/naveen/bat_robot/build/batrobot_moveit -- -j2 -l2
[0.164s] -- Found ament_cmake: 1.3.11 (/opt/ros/humble/share/ament_cmake/cmake)
[0.894s] -- Found ament_lint_auto: 0.12.11 (/opt/ros/humble/share/ament_lint_auto/cmake)
[1.113s] Error parsing '/home/naveen/bat_robot/src/batrobot_moveit/package.xml':
[1.349s] Traceback (most recent call last):
[1.350s]   File "/opt/ros/humble/share/ament_cmake_core/cmake/core/package_xml_2_cmake.py", line 150, in <module>
[1.350s]     main()
[1.350s]   File "/opt/ros/humble/share/ament_cmake_core/cmake/core/package_xml_2_cmake.py", line 53, in main
[1.354s]     raise e
[1.354s]   File "/opt/ros/humble/share/ament_cmake_core/cmake/core/package_xml_2_cmake.py", line 49, in main
[1.355s]     package = parse_package_string(
[1.355s]   File "/usr/lib/python3/dist-packages/catkin_pkg/package.py", line 786, in parse_package_string
[1.356s]     raise InvalidPackage('Error(s):%s' % (''.join(['\n- %s' % e for e in errors])), filename)
[1.356s] catkin_pkg.package.InvalidPackage: Error(s) in package '/home/naveen/bat_robot/src/batrobot_moveit/package.xml':
[1.356s] Error(s):
[1.357s] - The generic dependency on 'moveit_ros_move_group' is redundant with: exec_depend
[1.360s] - The generic dependency on 'moveit_configs_utils' is redundant with: exec_depend
[1.360s] - The generic dependency on 'rviz2' is redundant with: exec_depend
[1.431s] [31mCMake Error at /opt/ros/humble/share/ament_cmake_core/cmake/core/ament_package_xml.cmake:95 (message):
[1.431s]   execute_process(/usr/bin/python3
[1.431s]   /opt/ros/humble/share/ament_cmake_core/cmake/core/package_xml_2_cmake.py
[1.432s]   /home/naveen/bat_robot/src/batrobot_moveit/package.xml
[1.432s]   /home/naveen/bat_robot/build/batrobot_moveit/ament_cmake_core/package.cmake)
[1.432s]   returned error code 1
[1.432s] Call Stack (most recent call first):
[1.432s]   /opt/ros/humble/share/ament_cmake_core/cmake/core/ament_package_xml.cmake:49 (_ament_package_xml)
[1.436s]   /opt/ros/humble/share/ament_lint_auto/cmake/ament_lint_auto_find_test_dependencies.cmake:31 (ament_package_xml)
[1.436s]   CMakeLists.txt:28 (ament_lint_auto_find_test_dependencies)
[1.436s] 
[1.437s] -- Configuring incomplete, errors occurred!
[1.437s] See also "/home/naveen/bat_robot/build/batrobot_moveit/CMakeFiles/CMakeOutput.log".
[1.437s] [0m
[1.444s] gmake: *** [Makefile:226: cmake_check_build_system] Error 1
[1.453s] Invoked command in '/home/naveen/bat_robot/build/batrobot_moveit' returned '2': /usr/bin/cmake --build /home/naveen/bat_robot/build/batrobot_moveit -- -j2 -l2
