[0.167s] Invoking command in '/home/naveen/bat_robot/build/batrobot_alexa': AMENT_PREFIX_PATH=/home/naveen/bat_robot/install/batrobot_moveit:/home/naveen/bat_robot/install/batrobot_controller:/home/naveen/bat_robot/install/batrobot_msgs:/home/naveen/bat_robot/install/batrobot_description:${AMENT_PREFIX_PATH} CMAKE_PREFIX_PATH=/home/naveen/bat_robot/install/batrobot_moveit:/home/naveen/bat_robot/install/batrobot_controller:/home/naveen/bat_robot/install/batrobot_msgs:/home/naveen/bat_robot/install/batrobot_description:/home/naveen/roarm_ws_em0/install/ros2web_interfaces:/home/naveen/roarm_ws_em0/install/roarm_msgs:/home/naveen/roarm_ws_em0/install/roarm_moveit_ikfast_plugins:/home/naveen/roarm_ws_em0/install/roarm_moveit_cmd:/home/naveen/roarm_ws_em0/install/roarm_moveit:/home/naveen/roarm_ws_em0/install/roarm_description:/home/naveen/roarm_ws_em0/install/moveit_servo:/home/naveen/roarm_ws_em0/install/alexa_integration:/home/naveen/roarm_ws_em0/install/ros2web_widgets:/home/naveen/roarm_ws_em0/install/ros2web_example_py:/home/naveen/roarm_ws_em0/install/roarm_web_app:/home/naveen/roarm_ws_em0/install/ros2web_app:/home/naveen/roarm_ws_em0/install/ros2web:/home/naveen/roarm_ws_em0/install/roarm_driver:/home/naveen/roarm_ws_em0/install/launch_api:/opt/ros/humble LD_LIBRARY_PATH=/home/naveen/bat_robot/install/batrobot_controller/lib:/home/naveen/bat_robot/install/batrobot_msgs/lib:${LD_LIBRARY_PATH} PYTHONPATH=/home/naveen/bat_robot/install/batrobot_controller/lib/python3.10/site-packages:/home/naveen/bat_robot/install/batrobot_msgs/local/lib/python3.10/dist-packages:${PYTHONPATH} /usr/bin/cmake --build /home/naveen/bat_robot/build/batrobot_alexa -- -j2 -l2
[0.993s] [ 25%] [32mBuilding CXX object CMakeFiles/task_server.dir/src/task_server.cpp.o[0m
[37.624s] [01m[K/home/naveen/bat_robot/src/batrobot_alexa/src/task_server.cpp:[m[K In member function â€˜[01m[Kvoid batrobot_remote::TaskServer::execute(std::shared_ptr<rclcpp_action::ServerGoalHandle<batrobot_msgs::action::BatrobotTask> >)[m[Kâ€™:
[37.624s] [01m[K/home/naveen/bat_robot/src/batrobot_alexa/src/task_server.cpp:266:55:[m[K [01;31m[Kerror: [m[Kâ€˜[01m[KMoveResult[m[Kâ€™ is not a member of â€˜[01m[Kmoveit::planning_interface::MoveGroupInterface[m[Kâ€™
[37.624s]   266 |       moveit::planning_interface::MoveGroupInterface::[01;31m[KMoveResult[m[K arm_move_result = arm_move_group_->execute(arm_plan);
[37.625s]       |                                                       [01;31m[K^~~~~~~~~~[m[K
[37.625s] [01m[K/home/naveen/bat_robot/src/batrobot_alexa/src/task_server.cpp:267:55:[m[K [01;31m[Kerror: [m[Kâ€˜[01m[KMoveResult[m[Kâ€™ is not a member of â€˜[01m[Kmoveit::planning_interface::MoveGroupInterface[m[Kâ€™
[37.629s]   267 |       moveit::planning_interface::MoveGroupInterface::[01;31m[KMoveResult[m[K gripper_move_result = gripper_move_group_->execute(gripper_plan);
[37.631s]       |                                                       [01;31m[K^~~~~~~~~~[m[K
[37.691s] [01m[K/home/naveen/bat_robot/src/batrobot_alexa/src/task_server.cpp:269:11:[m[K [01;31m[Kerror: [m[Kâ€˜[01m[Karm_move_result[m[Kâ€™ was not declared in this scope; did you mean â€˜[01m[Karm_move_group_[m[Kâ€™?
[37.691s]   269 |       if ([01;31m[Karm_move_result[m[K == moveit::core::MoveItErrorCode::SUCCESS &&
[37.691s]       |           [01;31m[K^~~~~~~~~~~~~~~[m[K
[37.694s]       |           [32m[Karm_move_group_[m[K
[37.771s] [01m[K/home/naveen/bat_robot/src/batrobot_alexa/src/task_server.cpp:270:11:[m[K [01;31m[Kerror: [m[Kâ€˜[01m[Kgripper_move_result[m[Kâ€™ was not declared in this scope; did you mean â€˜[01m[Kgripper_move_group_[m[Kâ€™?
[37.772s]   270 |           [01;31m[Kgripper_move_result[m[K == moveit::core::MoveItErrorCode::SUCCESS)
[37.774s]       |           [01;31m[K^~~~~~~~~~~~~~~~~~~[m[K
[37.774s]       |           [32m[Kgripper_move_group_[m[K
[55.986s] gmake[2]: *** [CMakeFiles/task_server.dir/build.make:76: CMakeFiles/task_server.dir/src/task_server.cpp.o] Error 1
[55.988s] gmake[1]: *** [CMakeFiles/Makefile2:142: CMakeFiles/task_server.dir/all] Error 2
[55.989s] gmake: *** [Makefile:146: all] Error 2
[56.012s] Invoked command in '/home/naveen/bat_robot/build/batrobot_alexa' returned '2': AMENT_PREFIX_PATH=/home/naveen/bat_robot/install/batrobot_moveit:/home/naveen/bat_robot/install/batrobot_controller:/home/naveen/bat_robot/install/batrobot_msgs:/home/naveen/bat_robot/install/batrobot_description:${AMENT_PREFIX_PATH} CMAKE_PREFIX_PATH=/home/naveen/bat_robot/install/batrobot_moveit:/home/naveen/bat_robot/install/batrobot_controller:/home/naveen/bat_robot/install/batrobot_msgs:/home/naveen/bat_robot/install/batrobot_description:/home/naveen/roarm_ws_em0/install/ros2web_interfaces:/home/naveen/roarm_ws_em0/install/roarm_msgs:/home/naveen/roarm_ws_em0/install/roarm_moveit_ikfast_plugins:/home/naveen/roarm_ws_em0/install/roarm_moveit_cmd:/home/naveen/roarm_ws_em0/install/roarm_moveit:/home/naveen/roarm_ws_em0/install/roarm_description:/home/naveen/roarm_ws_em0/install/moveit_servo:/home/naveen/roarm_ws_em0/install/alexa_integration:/home/naveen/roarm_ws_em0/install/ros2web_widgets:/home/naveen/roarm_ws_em0/install/ros2web_example_py:/home/naveen/roarm_ws_em0/install/roarm_web_app:/home/naveen/roarm_ws_em0/install/ros2web_app:/home/naveen/roarm_ws_em0/install/ros2web:/home/naveen/roarm_ws_em0/install/roarm_driver:/home/naveen/roarm_ws_em0/install/launch_api:/opt/ros/humble LD_LIBRARY_PATH=/home/naveen/bat_robot/install/batrobot_controller/lib:/home/naveen/bat_robot/install/batrobot_msgs/lib:${LD_LIBRARY_PATH} PYTHONPATH=/home/naveen/bat_robot/install/batrobot_controller/lib/python3.10/site-packages:/home/naveen/bat_robot/install/batrobot_msgs/local/lib/python3.10/dist-packages:${PYTHONPATH} /usr/bin/cmake --build /home/naveen/bat_robot/build/batrobot_alexa -- -j2 -l2
