[0.117s] Invoking command in '/home/naveen/bat_robot/build/batrobot_controller': AMENT_PREFIX_PATH=/home/naveen/bat_robot/install/batrobot_description:${AMENT_PREFIX_PATH} CMAKE_PREFIX_PATH=/home/naveen/bat_robot/install/batrobot_description:/home/naveen/roarm_ws_em0/install/ros2web_interfaces:/home/naveen/roarm_ws_em0/install/roarm_msgs:/home/naveen/roarm_ws_em0/install/roarm_moveit_ikfast_plugins:/home/naveen/roarm_ws_em0/install/roarm_moveit_cmd:/home/naveen/roarm_ws_em0/install/roarm_moveit:/home/naveen/roarm_ws_em0/install/roarm_description:/home/naveen/roarm_ws_em0/install/moveit_servo:/home/naveen/roarm_ws_em0/install/alexa_integration:/home/naveen/roarm_ws_em0/install/ros2web_widgets:/home/naveen/roarm_ws_em0/install/ros2web_example_py:/home/naveen/roarm_ws_em0/install/roarm_web_app:/home/naveen/roarm_ws_em0/install/ros2web_app:/home/naveen/roarm_ws_em0/install/ros2web:/home/naveen/roarm_ws_em0/install/roarm_driver:/home/naveen/roarm_ws_em0/install/launch_api:/opt/ros/humble /usr/bin/cmake --build /home/naveen/bat_robot/build/batrobot_controller -- -j2 -l2
[0.191s] -- Found ament_cmake: 1.3.11 (/opt/ros/humble/share/ament_cmake/cmake)
[0.780s] -- Found hardware_interface: 2.48.0 (/opt/ros/humble/share/hardware_interface/cmake)
[0.881s] -- Found rosidl_generator_c: 3.1.6 (/opt/ros/humble/share/rosidl_generator_c/cmake)
[0.891s] -- Found rosidl_adapter: 3.1.6 (/opt/ros/humble/share/rosidl_adapter/cmake)
[0.920s] -- Found rosidl_generator_cpp: 3.1.6 (/opt/ros/humble/share/rosidl_generator_cpp/cmake)
[0.964s] -- Using all available rosidl_typesupport_c: rosidl_typesupport_fastrtps_c;rosidl_typesupport_introspection_c
[1.017s] -- Using all available rosidl_typesupport_cpp: rosidl_typesupport_fastrtps_cpp;rosidl_typesupport_introspection_cpp
[1.757s] -- Found rmw_implementation_cmake: 6.1.2 (/opt/ros/humble/share/rmw_implementation_cmake/cmake)
[1.761s] -- Found rmw_fastrtps_cpp: 6.2.7 (/opt/ros/humble/share/rmw_fastrtps_cpp/cmake)
[1.842s] -- Found TinyXML2 via Config file: TinyXML2_DIR-NOTFOUND
[1.875s] -- Found TinyXML2 via Config file: TinyXML2_DIR-NOTFOUND
[1.974s] -- Found TinyXML2 via Config file: TinyXML2_DIR-NOTFOUND
[2.022s] -- Found TinyXML2 via Config file: TinyXML2_DIR-NOTFOUND
[2.066s] -- Using RMW implementation 'rmw_fastrtps_cpp' as default
[2.277s] -- Checking for module 'libserial'
[2.283s] --   No package 'libserial' found
[2.377s] -- Found ament_lint_auto: 0.12.11 (/opt/ros/humble/share/ament_lint_auto/cmake)
[2.740s] -- Added test 'cppcheck' to perform static code analysis on C / C++ code
[2.742s] -- Configured cppcheck include dirs: /home/naveen/bat_robot/src/batrobot_controller/include;/home/naveen/bat_robot/src/batrobot_controller/
[2.743s] -- Configured cppcheck exclude dirs and/or files: 
[2.745s] -- Added test 'flake8' to check Python code syntax and style conventions
[2.751s] -- Added test 'lint_cmake' to check CMake code style
[2.752s] -- Added test 'pep257' to check Python code against some of the docstring style conventions in PEP 257
[2.757s] -- Added test 'uncrustify' to check C / C++ code style
[2.759s] -- Configured uncrustify additional arguments: 
[2.765s] -- Added test 'xmllint' to check XML markup files
[2.782s] -- Configuring done
[2.960s] -- Generating done
[3.011s] -- Build files have been written to: /home/naveen/bat_robot/build/batrobot_controller
[3.193s] [ 50%] [32mBuilding CXX object CMakeFiles/batrobot_controller.dir/src/batrobot_interface.cpp.o[0m
[3.279s] [01m[K/home/naveen/bat_robot/src/batrobot_controller/src/batrobot_interface.cpp:1:10:[m[K [01;31m[Kfatal error: [m[Kbatrobot_controller/batrobot_interface.hpp: No such file or directory
[3.280s]     1 | #include [01;31m[K"batrobot_controller/batrobot_interface.hpp"[m[K
[3.280s]       |          [01;31m[K^~~~~~~~~~~~~~~~~~~~~~~~~~~~~~~~~~~~~~~~~~~~[m[K
[3.280s] compilation terminated.
[3.285s] gmake[2]: *** [CMakeFiles/batrobot_controller.dir/build.make:76: CMakeFiles/batrobot_controller.dir/src/batrobot_interface.cpp.o] Error 1
[3.285s] gmake[1]: *** [CMakeFiles/Makefile2:137: CMakeFiles/batrobot_controller.dir/all] Error 2
[3.293s] gmake: *** [Makefile:146: all] Error 2
[3.463s] Invoked command in '/home/naveen/bat_robot/build/batrobot_controller' returned '2': AMENT_PREFIX_PATH=/home/naveen/bat_robot/install/batrobot_description:${AMENT_PREFIX_PATH} CMAKE_PREFIX_PATH=/home/naveen/bat_robot/install/batrobot_description:/home/naveen/roarm_ws_em0/install/ros2web_interfaces:/home/naveen/roarm_ws_em0/install/roarm_msgs:/home/naveen/roarm_ws_em0/install/roarm_moveit_ikfast_plugins:/home/naveen/roarm_ws_em0/install/roarm_moveit_cmd:/home/naveen/roarm_ws_em0/install/roarm_moveit:/home/naveen/roarm_ws_em0/install/roarm_description:/home/naveen/roarm_ws_em0/install/moveit_servo:/home/naveen/roarm_ws_em0/install/alexa_integration:/home/naveen/roarm_ws_em0/install/ros2web_widgets:/home/naveen/roarm_ws_em0/install/ros2web_example_py:/home/naveen/roarm_ws_em0/install/roarm_web_app:/home/naveen/roarm_ws_em0/install/ros2web_app:/home/naveen/roarm_ws_em0/install/ros2web:/home/naveen/roarm_ws_em0/install/roarm_driver:/home/naveen/roarm_ws_em0/install/launch_api:/opt/ros/humble /usr/bin/cmake --build /home/naveen/bat_robot/build/batrobot_controller -- -j2 -l2
